4996
4813
2980
3929
1893
1338
4917
3558
2393
-1
1385
2655
4431
1783
4603
-1
-1
3682
2695
3127
4011
-1
3734
2847
4780
2733
2174
4896
3647
4339
2474
4137
3905
4842
2877
4778
4656
4445
4630
2934
-1
-1
2160
-1
3869
1671
3715
4856
2767
-1
4586
4705
4175
3043
3752
3387
3957
4352
1501
-1
4151
-1
4700
2598
2178
816
487
1352
4944
3307
-1
2459
3214
4329
4901
3809
4372
-1
3932
4947
4918
3121
4859
4489
-1
3046
1419
4571
4794
2878
1856
2404
4566
2616
4748
2496
4771
3194
4721
4198
-1
4292
4805
4926
4321
2191
3833
1386
1456
3983
1097
-1
-1
4974
3501
3039
2522
4271
4086
4689
1860
2377
-1
4850
3615
4301
-1
4736
3741
4917
3596
4889
4136
4988
4956
1786
4398
4916
4063
4900
3085
-1
4867
3408
4883
4785
4297
1923
4392
-1
4217
4047
4760
4482
-1
2345
-1
4119
4710
1433
4187
-1
4498
-1
-1
2906
-1
4055
2660
2055
3825
-1
4805
3474
4146
3654
1319
4065
3485
3667
-1
2962
3456
4998
3082
3860
4906
4347
3674
4763
461
1982
-1
4238
4526
907
897
4181
3425
4835
3202
4262
-1
1741
4348
4877
-1
4655
1779
3125
2963
4008
-1
4134
2949
3130
4196
3911
4722
4283
2864
-1
2915
4669
4666
3032
2487
4904
2598
2776
4140
1690
2764
-1
-1
3928
-1
3068
2411
1145
-1
2899
4356
2340
2381
2286
1784
3428
3235
3966
4572
4606
4595
-1
2211
4479
1380
4285
4361
2107
3487
4100
3908
1119
3408
4151
-1
-1
3982
3858
2299
4423
2840
2076
4328
-1
3820
-1
3688
-1
3004
2974
1698
3047
2731
3427
4908
4941
2608
4366
4077
-1
4733
4838
751
-1
4109
1806
4650
2822
3827
3680
3970
2901
1836
4070
4557
3919
4811
4238
3167
359
3923
4528
4163
3959
-1
-1
2159
3519
4803
-1
2918
1565
1463
4036
3884
-1
3183
-1
3786
3771
3947
4754
4110
3990
4711
4797
813
4855
3514
4830
2924
2754
2769
4334
4452
4754
3472
3716
3017
4857
-1
3448
3762
-1
4162
4044
1558
3179
3885
3713
2102
4216
4548
368
2922
4133
4647
4705
4816
4851
4881
3735
4093
3352
2203
3496
1391
1486
3364
2901
3757
4523
3755
2411
4767
2867
4072
4995
3254
4027
-1
3574
-1
4489
-1
2926
3363
3238
4315
4452
4317
3436
2410
4614
3990
2193
4432
3652
1781
2474
4632
2316
3633
2553
4082
4124
4249
3261
4656
3098
4581
3415
2751
929
4680
4081
4793
2658
-1
4403
3714
2122
3498
3045
4491
628
4954
-1
2500
4763
3565
1073
3474
-1
4498
4987
4223
494
1959
4997
4714
4804
4925
-1
4820
3079
3677
3573
3185
4086
3308
4717
3995
1783
3929
2464
4940
4926
2267
1440
4587
-1
1446
4281
2119
2965
4530
4334
3265
4198
4885
4459
3699
1781
3787
3364
2026
1205
3204
-1
3020
4179
3447
3777
3179
-1
-1
-1
1899
3290
-1
3444
4563
4583
4404
4479
4596
-1
2210
1985
3738
3313
4326
-1
4962
717
1257
4152
2160
4934
4956
4104
1301
802
4247
4173
4259
2155
1305
3378
3375
4608
4871
3438
3318
4682
-1
4888
3484
2184
-1
4042
4952
-1
3779
3622
3716
3977
4871
3376
4858
4393
-1
3868
4876
3739
4285
-1
3963
4264
1880
3074
4590
2438
3824
4744
3832
4280
4854
4944
4586
3973
1608
-1
-1
-1
4715
3335
4726
4328
3634
4566
4251
4832
4869
4461
1543
2625
4393
173
4502
3835
4345
4787
4764
4591
3544
3815
3824
4869
3737
3146
1393
4273
4420
4485
3053
799
4643
4436
3868
4742
4925
1941
3270
3088
-1
3154
4690
1915
4870
1700
4721
2168
-1
1763
-1
946
-1
4475
3523
3841
121
4976
3635
3334
1192
2035
4066
4086
3462
4915
4526
-1
2532
4102
3472
4228
3554
2987
-1
3921
4179
4693
4058
2897
-1
4610
-1
1927
4208
4923
4082
3416
3686
4405
2606
4034
4521
1067
4019
531
4723
3061
4790
3758
3299
3953
2652
4616
4664
-1
-1
4708
-1
3073
-1
3012
-1
4868
-1
408
4752
2603
3965
4983
-1
3587
3788
1448
3407
1049
2378
4899
-1
879
4488
3555
2824
4886
4292
4141
3297
2133
1926
3680
4415
-1
4081
4309
-1
1582
627
4712
4957
-1
4530
2819
4961
2000
3498
3579
2622
4490
4625
4425
-1
3291
3013
3702
-1
4963
-1
2500
4546
3072
4504
4487
463
2102
2571
4927
4508
4378
-1
3011
4808
4465
3194
-1
3206
1823
4381
-1
3484
2765
3973
2428
4338
1300
4605
-1
3892
4833
3944
4639
-1
3068
4801
-1
1404
4453
4150
3448
3370
3459
1953
4951
3738
-1
4157
4581
4704
2705
2678
4569
4140
4672
2567
4668
3579
4202
2967
1197
4505
2050
4394
3539
4882
2868
4506
-1
415
3153
-1
4265
-1
2591
2462
3424
4497
4398
2022
-1
4401
2780
3551
3598
-1
4755
1080
1050
3588
2330
4635
4680
4604
4959
2373
2252
4810
4272
3012
4609
3284
3302
4307
3577
4654
1666
1893
4325
4698
980
-1
3116
4548
3207
3195
2880
4908
-1
4656
4132
4043
1983
1528
4768
4113
4693
1524
1739
3139
3342
4071
3925
4228
4602
3041
3261
-1
4329
2984
2307
-1
4845
4810
4333
-1
4836
4808
-1
4421
4920
3995
3006
3316
3996
3056
4712
-1
131
-1
4321
2184
4727
4282
4373
4309
3961
3447
823
4204
4128
-1
-1
4223
4757
-1
2828
3583
4795
2845
2871
-1
4296
-1
4329
4941
2139
4667
2634
-1
396
4921
-1
3797
1511
4656
1826
4026
4716
3761
3205
4772
4810
-1
2563
3967
4260
4794
3823
4765
4087
4036
3685
4586
3241
4826
-1
-1
3001
4029
4691
4730
3207
2387
2685
4086
2677
4924
3724
3571
4462
2201
-1
2473
3195
4121
4010
4755
3399
4893
3374
3920
4903
3368
3953
3895
-1
3788
4359
3537
897
4522
4853
3988
4626
3228
3283
2942
-1
4554
4968
2759
2088
3347
3084
3343
4968
3851
2843
2746
1981
1329
1695
-1
-1
1567
4158
3178
2449
-1
1717
3603
4760
4906
4722
3813
-1
-1
3750
1179
-1
4936
4633
1156
3903
4333
3753
3431
-1
3880
2529
1633
3985
2351
4514
4044
4875
4850
2149
2088
-1
4582
3036
3059
4361
3537
-1
4877
-1
3532
2760
3943
4647
3539
-1
4704
4445
2769
4779
2804
3849
4637
3653
4785
4208
4141
3722
3797
4067
2885
2837
4969
3517
4962
4853
2045
3825
3371
2235
3367
-1
4209
3899
3221
2881
4279
3165
2368
2685
-1
4097
3751
2069
3639
4001
3204
4060
3005
1436
3387
4469
4641
2133
3013
4866
-1
4324
-1
4748
2485
-1
4949
2886
3093
3725
2327
3302
3771
2774
4542
4330
4623
2608
2357
4514
3922
1766
-1
3171
1150
4866
-1
4215
4516
606
845
-1
3791
3457
557
3809
2842
3160
2301
4364
-1
4549
2618
3780
-1
2539
1272
4159
792
3627
-1
3726
-1
503
4133
3510
3774
3179
2739
3661
3995
-1
4889
4825
4359
4456
-1
2479
3354
4985
3600
2849
4653
-1
2521
3246
4579
4915
-1
4513
-1
3252
4647
3830
4098
4976
3538
1770
4679
1221
3723
3632
2856
-1
4534
4775
3955
3808
3589
3293
3880
-1
4517
-1
2400
2902
4124
3656
-1
4847
2900
4065
3889
4831
4710
4135
2886
3291
3878
3731
-1
3009
4002
4487
4541
4033
4002
4908
2745
4612
3855
3020
2618
2557
4632
4759
-1
-1
4172
3776
3600
3405
-1
-1
4712
2145
-1
4915
3207
4908
3810
-1
3669
4627
3213
4905
2911
-1
3336
4384
-1
4412
4693
3535
4092
3853
1809
1318
-1
4153
3091
4661
4155
2682
4596
4988
2923
4854
2510
4703
921
4410
1077
3626
4079
-1
2477
3551
1466
3302
-1
4804
2331
4751
3246
3120
3789
3221
3381
-1
2282
4096
-1
2963
4000
3558
3156
1122
2115
4668
4911
2438
3812
4154
4093
4850
4046
3944
4898
-1
3758
2973
4581
2108
1896
1264
4249
4666
3338
3906
-1
4119
2404
3971
4113
3852
4635
4037
2160
3085
4339
3085
3759
3184
4938
4011
-1
-1
4394
4681
4282
2050
4772
1530
4947
2639
4732
4330
4919
4184
3605
1753
4575
4931
2617
1288
4063
4034
-1
4458
4029
4770
1498
2445
4740
4079
4781
-1
3274
4606
2002
4006
4845
2693
4964
-1
3813
4167
3618
3967
2261
-1
4893
2079
2724
4192
4028
4420
-1
-1
2504
3636
4125
-1
3414
4638
3415
3764
2638
2057
4625
2615
3797
2122
-1
4977
-1
-1
2749
3466
-1
4082
-1
-1
1963
4668
3534
4756
1233
3703
4129
4768
4596
4842
2429
3255
-1
3912
4303
4858
3900
2928
3472
-1
3791
4703
2466
4468
3922
1986
3026
3007
4670
2859
1041
4674
673
3897
3999
4457
4048
4523
3952
2619
3506
1981
3904
4906
4279
2132
4581
3870
4735
4495
2327
-1
3480
2748
2479
3563
2092
4959
4793
1307
2047
4903
-1
3431
3739
2982
4783
3472
3612
3988
4285
4740
4640
4242
799
-1
2913
2177
-1
724
4393
4067
2253
3771
520
4698
4017
3251
4212
4307
4477
3550
4092
-1
1133
4615
1721
3197
3611
3776
3601
4793
3567
-1
4826
-1
4068
4144
1336
4744
3073
4622
3454
-1
3070
3789
2834
3914
4511
4022
2377
3185
2663
1787
4906
2451
1105
-1
4497
4227
-1
4473
1106
-1
2620
4729
3381
1337
3006
4418
-1
-1
3115
2842
1929
4321
1656
4858
2606
2953
5000
4651
2775
4441
2585
-1
1230
3536
1218
2414
3693
4372
2439
4049
2102
-1
4218
2380
2320
3257
3937
3653
4593
2538
4506
4725
2767
4879
4371
-1
1514
4050
-1
3922
4603
3611
4545
877
-1
4835
2451
4826
3884
4855
4485
4658
2331
4652
4087
1663
2963
4754
4355
-1
4747
3218
2491
-1
3337
4688
4815
4156
1220
3770
4950
-1
4184
3897
4808
2621
3274
4993
447
4950
1045
4941
-1
3983
3042
4422
2160
3687
3457
1108
4919
4676
1427
4499
4803
-1
-1
4182
4687
3128
2883
3463
3645
-1
3596
2588
-1
2654
4299
-1
4133
2572
4134
4312
4083
2647
4997
3477
2317
4170
2887
3009
4041
4257
4761
4666
3869
3242
2602
4696
4420
4010
4441
3501
-1
3342
4517
4376
4648
-1
2922
4510
113
3166
2889
2500
4203
4021
-1
4753
4544
4656
3331
1989
-1
4874
2173
2461
-1
4579
4944
3640
3618
4794
3885
3379
4801
2494
2649
965
3555
-1
4662
4666
4724
-1
2512
4373
4502
4725
4655
4795
3619
1253
3478
4392
-1
3817
4355
4423
4099
4761
4175
3991
3558
3088
4531
4377
4569
-1
3473
4987
3389
2918
3255
3376
-1
4641
1567
4696
2401
4584
-1
4797
2842
4189
4499
-1
4648
3811
3545
4960
-1
4242
3896
4405
4396
-1
3547
4808
4555
2616
3210
3740
4886
4896
2246
2084
4437
1853
4219
1343
3794
4379
4905
4394
797
3521
4718
2620
4091
4974
1395
1011
1880
4907
4364
-1
1982
2035
2571
4908
2956
4246
1097
3080
3738
2983
4657
3680
4804
4984
1928
4074
3288
4870
4976
4882
1035
4009
4527
4031
4514
2175
-1
2182
3396
4113
3321
3885
4507
3338
4299
4805
4116
4413
2017
2714
3566
4835
4451
3814
4399
3660
3547
2931
2340
2550
4919
2064
4303
3736
-1
2944
2805
4210
4451
-1
-1
3085
1878
4754
4010
1828
3869
3860
2988
-1
-1
-1
4386
4185
2561
4890
3907
4677
3821
4933
4452
4958
-1
1565
3005
2914
3657
3826
4515
4167
4995
1930
1841
1287
1660
4875
1611
3657
4788
4740
1608
3880
-1
2289
3961
4838
4228
4978
4525
3313
4694
1397
4872
3082
-1
4723
-1
693
4853
4690
4646
4940
4963
4587
1497
4894
3832
4389
4560
4468
2830
3103
-1
4866
4213
-1
3431
1951
4077
1696
4355
2675
3564
3845
4039
4284
4874
3554
2907
1612
2103
2730
1279
3175
2889
2914
1702
3790
3093
-1
3298
-1
4720
4030
1256
-1
-1
4786
4658
4795
4922
2110
-1
2309
-1
4801
4502
2774
4153
2772
4574
3493
4472
2614
1551
4480
-1
-1
4695
2387
3526
4532
3157
2547
-1
4600
4506
1600
4688
1957
3644
3428
1801
4221
3477
1845
4861
-1
3142
3637
4613
4387
4912
3362
-1
-1
3083
4115
3296
4406
4674
-1
4715
1744
4732
4436
1853
4183
4164
-1
4701
-1
3776
3977
4735
4641
4821
4501
1782
-1
2486
3076
3795
2766
-1
4023
1982
2645
1934
2310
2527
4799
3670
-1
4817
4182
4443
3342
4003
4619
4043
349
4884
4609
2364
4451
4943
3066
2305
2172
1228
3976
310
-1
4643
4664
4362
1933
4694
4580
3578
4978
-1
3785
1919
-1
3014
3125
2108
3020
4268
-1
3880
3815
-1
1760
-1
4539
2409
4472
-1
4584
4741
-1
4824
3428
4122
-1
4187
4644
3405
968
2012
-1
4764
-1
4893
3119
3416
1199
2851
4030
4667
4433
-1
3250
1516
2687
4922
-1
4914
3460
4095
1885
-1
-1
4376
3743
4664
4920
3559
4241
-1
3760
4095
1226
4570
-1
3938
3708
3647
3743
2911
-1
4935
4286
2088
1318
4397
2364
-1
2438
3339
-1
3990
3222
4786
2579
4935
3528
2769
-1
-1
2877
3507
4805
-1
4357
-1
3962
464
4644
-1
-1
4750
4413
4478
-1
4708
3576
1983
3179
2160
3429
4563
2891
3494
2775
4967
2492
2432
3045
4759
2846
3644
3966
2036
4688
3388
2764
4072
2725
3777
4574
3374
-1
-1
4863
3632
3775
4546
2351
4638
4753
4496
3022
3289
3432
-1
4889
4334
2614
3354
4386
2995
2351
4863
2346
4486
-1
2209
4850
3313
4995
2095
4280
1558
3267
2811
1356
4611
4946
4881
4618
4042
2854
3312
-1
1949
-1
2677
4857
3697
1261
4991
4238
3198
4741
-1
4900
2240
4972
4278
4310
3960
4672
3162
4937
1551
4199
3698
4604
3109
2698
-1
2142
4904
4513
4032
3741
4849
4965
-1
1772
3750
4398
3826
3326
-1
4861
3924
3040
-1
-1
2014
-1
4851
3265
3062
3194
3342
-1
-1
4624
1296
4550
2713
1894
4521
3181
3447
4447
4412
2533
4586
-1
-1
4798
4698
4069
3625
1799
2788
4986
4281
672
4617
2645
2906
4457
1836
-1
-1
4022
4228
4371
3442
3663
-1
4432
3393
3487
3189
3242
3725
2675
3366
4583
1331
2282
4847
3149
2770
4190
3928
2178
3726
3598
3133
4325
4143
4381
4575
2765
3808
-1
4442
2412
3671
4843
3437
3992
2747
3112
4358
-1
4488
3452
3726
2902
4163
2369
3135
2025
4544
510
-1
4701
2097
4441
4355
1549
3848
2082
3438
-1
2799
2393
2475
3424
4234
4677
4392
-1
866
3710
3239
3682
4329
3439
4431
3244
4000
3223
3149
1759
845
2133
2432
3677
-1
2737
4839
4237
2682
2685
2746
3068
-1
-1
4072
4171
2882
4978
2345
4653
3994
4215
2015
4371
2933
1629
2349
-1
4825
4020
2829
4098
2500
4670
3400
3062
4797
932
-1
2973
-1
2284
2257
3646
4298
-1
2949
3145
-1
4087
2071
4767
4886
-1
4707
2006
608
-1
3889
4011
2500
-1
4102
421
4321
4775
2247
4378
4390
3926
3076
4875
-1
3838
3310
-1
-1
4773
2493
4963
4866
3621
3581
3843
-1
2341
4427
4044
3876
3061
3058
4075
4966
4780
3481
-1
2306
-1
3464
3215
2429
3595
3654
3443
-1
4949
1625
4253
2900
3558
1558
2497
4089
4652
-1
4596
2212
4154
3236
3521
3718
4392
4442
4954
4940
-1
557
3287
-1
4025
-1
4464
3269
-1
4862
2314
4584
4300
4639
-1
2879
4350
1484
1294
2212
4017
3349
4662
2948
1001
3845
3904
4377
-1
-1
4508
4294
4067
3299
4392
3870
2741
4759
4135
4145
1325
-1
2112
4744
3985
3782
3201
4929
3768
4871
1978
-1
3737
4074
3957
3677
2847
3227
4796
3291
1261
3749
-1
3024
4835
1347
3431
2339
2252
2310
4004
4417
3389
2867
2968
4861
3249
3783
4440
1297
-1
2602
1514
2401
4469
-1
4233
2476
2044
3868
2589
4877
4793
3579
3705
3362
2508
2624
4558
-1
1786
4316
4899
-1
4485
4916
4305
-1
2518
4121
3204
4306
4151
4923
3444
4329
4047
-1
2773
4720
2601
4020
4677
4723
2981
1571
3004
2874
4553
3988
2638
4060
1936
2296
3439
4738
-1
3973
4868
2634
2055
2823
1467
1446
2122
3334
4234
3431
457
4586
3084
4526
557
-1
3333
4538
3174
4389
4811
3569
4367
2637
4754
1336
2016
1473
1785
4036
4727
4653
3854
3052
4072
4741
3991
-1
4344
4094
-1
2721
2638
2374
2856
1782
-1
4617
4232
4096
4027
3406
3276
4774
4610
684
4082
2751
3218
532
-1
2219
4072
1259
3813
3025
2148
3562
4582
4073
3268
4087
4437
3789
4837
-1
4109
3332
2945
4962
3968
4899
1630
4155
4008
-1
2595
3689
2292
4840
4260
4882
-1
3516
1666
3328
4040
4402
4274
4712
4885
-1
-1
3020
4740
4838
-1
774
4219
4316
-1
937
-1
4357
3888
2928
-1
-1
4660
3056
-1
2171
-1
4403
4294
4985
3051
-1
-1
3362
4069
4627
4426
4086
4851
3750
2015
1486
2693
853
4167
4784
3969
-1
3968
4302
4334
4917
4734
4851
-1
3298
3981
3249
2837
3290
-1
3760
3330
4564
2492
2555
-1
4856
2100
4154
3976
3705
4205
3265
4695
4038
2342
2324
-1
2608
4697
3924
3162
-1
-1
4194
4216
4113
4032
4166
4891
2474
4976
2819
4329
2442
2039
4911
4159
4569
4964
2378
3060
2092
-1
4193
4646
2020
3452
2406
4330
4891
4405
4613
-1
4993
4186
-1
-1
3980
1915
4129
2012
-1
2650
4863
1811
2784
3239
-1
2711
2030
-1
3653
2428
3687
-1
3663
1733
3718
2436
1094
3661
2316
-1
3899
3442
4017
2878
2569
4665
1028
3994
4787
1776
4006
2359
3190
3719
4036
3504
4180
3825
-1
3032
4984
4962
3248
-1
2641
1848
4867
1015
4440
4032
2332
3505
4977
322
4791
-1
-1
4692
2853
4922
4879
4038
4965
2039
4694
3186
-1
3801
4925
2399
1954
4641
3633
4269
-1
4765
3991
4303
3961
1317
3195
4074
2580
3305
4944
3561
4382
4879
4888
3608
-1
3924
2618
4172
4746
4761
4174
1612
4648
1247
359
1986
-1
3574
4583
4411
4753
3714
-1
1851
3540
4795
3017
2751
2915
1387
4387
4790
3233
3914
-1
1836
4231
4201
3489
4109
3605
3563
4907
4443
3790
4727
4471
4744
3862
4513
2012
4306
2414
4582
2790
4685
4643
3696
-1
3907
2590
3974
4142
3415
-1
4870
3824
3175
4421
4167
1474
4535
4275
3276
3266
4090
-1
-1
4508
4027
3927
4669
2142
4722
4836
4180
2485
-1
1725
-1
2805
4910
2007
3205
2711
4826
3697
4780
4308
4826
4412
738
-1
4354
4962
-1
4842
2316
4608
3132
2398
4322
3938
2621
-1
-1
3887
3838
4610
3257
3334
4651
3987
1041
1654
3417
3080
1514
-1
3755
-1
4631
-1
-1
4678
2586
2749
2858
4798
3895
4917
4605
3955
-1
2160
4479
4974
-1
4787
349
2566
1532
2791
3574
-1
-1
4631
4979
4701
1344
4836
3093
-1
4286
4771
4108
1848
4223
4866
3271
4420
2630
784
4911
4360
2928
2869
4805
4560
4977
4538
4313
4303
2409
-1
3258
4638
-1
2937
4116
4517
1654
2906
2056
2013
-1
4196
3855
4743
-1
3921
3472
3907
4729
4787
4728
-1
4211
-1
4103
2686
4010
-1
4041
4824
-1
3940
1647
4722
4018
3987
4175
4954
2933
2807
3981
3423
4715
1641
4796
4044
4804
3060
3325
4674
3881
2672
4779
2947
4801
2971
4763
2144
4292
3682
3449
4645
4959
4996
3177
2024
4115
1221
3904
4748
2665
3063
4785
4524
-1
3895
1205
2694
4617
3494
4896
1772
4980
2820
3951
4512
4975
3013
4904
3760
3097
-1
763
2168
3072
2430
2027
3450
4652
2271
4866
4784
-1
4399
3130
4956
2220
-1
1969
3363
1541
3472
2667
3898
3160
968
4587
1889
-1
3692
3994
3349
3701
-1
1965
3255
-1
4597
3428
4748
2220
4713
3311
3805
3970
3297
3759
998
4794
2124
3694
3313
1342
4474
-1
2190
3653
4523
4785
2329
4382
4631
4927
4237
2535
-1
1344
2800
3938
2437
4297
-1
4143
4805
4433
4608
1400
4587
3183
3670
4749
3015
-1
4726
4656
-1
3365
4543
3903
4118
-1
-1
4333
4358
-1
2956
3768
2742
4517
3932
1082
2960
2697
1134
1633
3803
3464
1451
3145
4197
4250
2402
675
4737
3700
2215
4041
4820
4292
3780
4570
4564
3435
523
4439
4118
3586
-1
4067
3802
3348
2418
1420
4541
3713
3498
4729
-1
4296
4828
-1
966
4765
3098
3996
3716
-1
4522
3215
3788
3543
4161
-1
4435
2664
3960
4200
4694
3217
-1
2693
-1
-1
-1
2840
4960
3656
3235
1980
4934
3300
4269
4958
3281
4476
3129
4995
4130
4431
4847
-1
3405
3875
4506
3722
4733
3269
-1
3256
3406
-1
3270
2805
1291
-1
4086
4606
4858
4619
3343
3207
2118
3735
4043
3966
4055
-1
4113
-1
2125
4122
4262
3953
3097
4482
3032
1671
3675
3440
2928
-1
-1
-1
3578
-1
3609
4112
3887
2168
2879
-1
4808
-1
4185
1757
3630
1577
4385
1561
408
4602
4695
4934
4906
3894
2674
3452
3087
3505
4981
4165
2850
2827
3425
4721
2882
4057
1386
2707
3461
709
3065
4178
3212
4504
3200
4462
4683
1081
4201
1206
3587
2975
-1
2239
2869
3132
2789
3070
4244
4338
4761
2985
3554
1508
-1
-1
4666
-1
-1
2829
1520
-1
3530
-1
-1
4849
4582
4923
4150
4410
4733
4347
3197
3880
4904
2403
1801
4857
1318
-1
4900
4786
-1
1537
-1
4004
4845
4981
4647
4284
4289
2801
1416
4720
-1
2901
-1
-1
-1
-1
4881
1710
4981
4626
2901
3367
3559
-1
2159
-1
3038
3895
4229
3395
372
2965
3642
3540
3190
3030
4803
3894
3665
2969
3798
4015
2531
1982
4172
-1
-1
2279
-1
4162
4895
4919
2002
4974
-1
4823
4295
3143
4121
2674
4419
4234
-1
2102
-1
3852
4880
3967
1922
4628
3910
2025
4308
3076
1461
4828
4796
4182
3200
2263
3365
4606
-1
4305
3712
4252
1669
-1
3779
3956
4023
4800
3545
3485
3410
3484
3446
202
2372
1338
3692
4278
1490
4636
4357
-1
3207
-1
701
4263
2342
4259
3608
4138
2137
-1
-1
4168
4624
4704
1745
3773
4612
1074
2816
3855
4253
1141
4264
3508
4792
4649
-1
-1
4093
4877
3307
1603
4603
4410
-1
2804
4149
-1
1717
2634
2198
2824
4637
3852
4847
2999
4061
-1
2311
3522
3863
-1
4880
-1
2148
4757
3076
4494
3622
3518
2272
4753
-1
4730
4905
4471
1608
-1
2517
3538
3862
3752
4976
2640
2912
3431
2226
4681
4623
664
4615
-1
1473
1441
3794
4795
3719
1583
4899
1557
4132
3239
966
-1
4420
185
4361
-1
2996
3850
3577
3468
2585
3909
3760
2368
4032
4506
4248
3065
4003
3603
4206
4546
-1
3321
3326
3565
3381
-1
4775
1656
2686
4212
4085
3087
2741
4677
3419
3039
-1
4725
-1
3308
1768
2640
2777
4842
4569
3221
1608
4444
4956
3578
3103
2403
1082
2422
-1
4967
3027
3513
2995
4146
4554
3489
3318
4557
-1
4366
4813
4402
4669
2358
4802
2903
3160
4902
4956
4329
-1
4543
4895
3522
3379
4847
4224
4611
-1
1839
4768
3182
-1
4938
-1
3107
2987
-1
1661
4345
-1
4057
4444
1490
1175
2987
4454
-1
3326
4448
-1
2282
-1
4555
4480
3209
4555
4043
1822
3784
4230
-1
4176
-1
3402
3116
-1
4122
4175
4853
4938
3740
2445
-1
4389
-1
3929
-1
4420
2773
4648
4906
2636
4155
4030
4809
-1
3651
-1
3293
-1
-1
4712
-1
-1
3968
-1
3151
-1
1874
4276
4998
4864
4235
-1
1666
-1
2136
3218
4554
4640
4237
4028
-1
3927
1845
-1
4581
4506
-1
4881
4669
4248
4578
2401
3964
4096
-1
4650
3917
4435
2701
2755
-1
3920
3005
4939
4441
4147
4129
4616
4404
4593
4605
1604
3549
2215
3847
1577
3989
3155
861
3256
3338
3396
4869
1872
4116
4099
4279
1285
2007
1584
3309
4718
-1
-1
3682
4574
2335
-1
4870
-1
4554
2792
1676
2600
4398
4940
3371
4985
-1
2040
4980
4392
4125
-1
3563
1169
3355
4134
3762
2443
3326
3732
-1
3992
2356
1313
4811
3318
4648
4383
2987
4558
3614
4267
3449
4264
4045
-1
3239
4926
2832
4762
3552
3381
-1
3958
4279
4767
4651
4889
-1
4659
4094
4676
2381
4782
4352
4776
3564
-1
4566
3838
2826
2963
3550
2778
2389
2733
4269
4921
3938
3770
1980
4912
4592
4824
2823
4317
4242
3777
-1
-1
4557
3504
4720
-1
4137
4858
4820
-1
3389
4055
2916
-1
-1
-1
4046
2139
2866
-1
4121
4066
3742
4240
2994
4030
2691
4662
4778
3940
-1
4633
4010
3457
4831
1973
4660
3187
3588
2775
1998
2873
1482
2022
4354
-1
3254
4381
-1
4638
930
4633
-1
3009
4038
3984
4360
4278
4487
4681
3165
1313
3499
4325
4097
4698
4757
4386
3682
3573
2756
4331
-1
4533
3163
2693
4770
4244
4797
1295
3864
1291
4073
3773
3104
1908
2647
4788
2926
4474
4427
4830
4589
4362
4264
4516
2567
1202
4626
3763
2904
3421
-1
4196
3964
2841
4332
4738
1905
2874
4823
4079
-1
4151
3240
3791
-1
2487
927
4831
1926
2837
4357
4400
-1
3793
1652
-1
792
4967
4547
4986
-1
1614
2640
-1
-1
4275
4001
2579
2919
1405
3944
3647
3692
2759
2398
1939
4726
2665
4531
4601
4773
4184
4925
-1
4351
3806
1499
905
3279
2789
1686
3038
2772
3653
4169
4166
2437
4779
-1
4490
4102
2392
3911
-1
-1
4381
3929
4089
3586
4897
4970
4082
3333
4736
4828
4587
3246
3627
-1
4304
3353
2881
-1
4422
2660
4542
-1
-1
3814
2985
3451
2524
-1
4470
1851
-1
4695
-1
-1
4074
-1
1938
3921
-1
1474
3601
2723
4208
4331
2803
2512
2159
-1
4152
4718
4722
-1
-1
2843
4532
4350
1175
4583
1253
-1
4762
3015
3251
3540
4439
3400
2088
3667
-1
2320
3904
4072
-1
-1
4157
3305
4016
3838
4166
3601
4084
-1
4607
3416
3907
3493
2678
3339
4626
4558
4866
4131
4333
-1
3139
2406
2210
4807
2597
4960
1467
3940
3142
3473
3216
3484
4729
4498
3223
-1
4178
-1
4600
2727
4455
2175
1649
2111
3800
3140
1035
2739
3049
-1
3921
1457
1012
2517
3984
3880
2240
2751
3508
4299
3091
4836
4899
-1
1689
4256
3313
4192
3218
2714
-1
3570
3408
4338
3597
2569
1340
4704
-1
2745
3986
4779
-1
4431
2205
3643
-1
4568
4133
4573
-1
2051
4808
4417
3832
4918
3427
4571
3600
4404
4238
1698
-1
2715
425
3368
2979
2779
4479
3990
4556
4891
4366
1376
2271
4501
2353
358
3604
-1
4281
4926
4563
4511
-1
-1
4855
4730
3568
2709
2600
2853
4184
4394
4384
4710
2326
4473
4786
4944
4853
2502
4678
4994
1594
4771
3950
3422
4763
-1
3836
3337
-1
3757
4443
3541
4808
4552
1981
1905
4177
4642
4737
4569
4444
-1
2552
3737
2940
-1
3616
4210
4376
4910
1233
2965
4264
-1
-1
3726
1148
833
4764
3337
4382
1756
4535
2926
2891
1161
4773
4673
1727
4222
3494
4418
4040
4303
4005
4578
3365
4341
3284
3040
4861
-1
4798
4975
4250
4539
2878
-1
4378
4595
2147
-1
3113
-1
1920
3909
-1
3694
-1
4585
3541
-1
4929
131
2965
3429
4364
-1
4982
-1
-1
2261
2056
503
4241
1840
3471
3169
2505
4291
3909
3704
4665
4856
2733
-1
2905
922
4851
-1
-1
3393
4412
-1
-1
2306
4448
-1
4534
3223
3216
4875
4081
-1
-1
3411
4172
3044
4385
4648
2511
3775
2732
4943
-1
-1
3003
1740
-1
3258
4927
3980
-1
4897
4562
2088
1634
-1
4651
4755
1466
3825
-1
-1
4892
-1
4657
-1
1735
4378
-1
4876
2972
4253
3930
3966
4427
3335
4330
1342
3483
1200
1425
-1
-1
4607
-1
1425
-1
4188
-1
4730
4480
4565
1786
2510
4573
4577
4815
-1
4067
-1
4451
2623
4940
4472
4428
1077
3828
3749
1293
3653
1995
4909
-1
-1
1671
3343
4636
3464
-1
2786
1792
4718
2309
4057
3203
2407
2815
3760
4948
3275
4643
2326
4628
3738
-1
4406
-1
4827
4640
2900
3637
4378
4814
4286
3721
3649
-1
3314
-1
4375
-1
-1
3602
4364
3366
2853
3829
-1
3571
4781
4096
4998
3416
4722
3805
-1
1915
4505
4007
4623
4825
-1
2510
-1
4583
-1
2215
4385
3787
4792
4212
2582
4964
3585
4405
4970
4508
3373
4944
4830
-1
3755
3239
3157
2525
4504
4597
3275
2127
1489
1370
4342
4074
4068
3446
4231
2806
4470
4833
909
4868
4785
3931
2840
3489
2548
3880
2646
4088
-1
-1
1786
3801
4577
-1
2865
1723
4278
2432
3442
4960
-1
3715
-1
2478
2676
4904
4660
4068
2020
-1
3269
-1
1608
4642
2311
2315
2809
-1
4899
3726
3692
-1
3912
4377
3245
4154
2828
4910
3403
3038
3856
4159
2156
1274
4008
2665
3321
-1
3651
694
4471
3474
2887
2784
4383
3187
4493
4792
-1
4519
2619
2463
3995
-1
2411
3541
-1
2071
4492
4346
4743
3967
2556
-1
1914
2358
1671
2783
2970
4823
4643
4987
-1
4339
-1
3556
4001
4768
4338
3990
4732
4249
4546
3971
1364
3814
3463
3987
4588
2955
4890
3897
4710
1626
-1
966
4435
825
4249
-1
4928
4294
554
4755
3466
3876
2339
2672
4861
3481
-1
-1
2098
2251
4631
3203
-1
3223
3662
3727
4030
4070
-1
2728
4991
2477
831
4511
2500
1332
1716
3333
3471
1588
3485
1899
4812
4409
3365
-1
-1
