3066
2375
3532
3206
3303
2182
3674
3476
3255
3430
-1
3773
2861
1822
3995
3553
3824
3067
3897
3908
2467
3454
2650
3982
-1
3080
1693
-1
-1
893
3708
3730
3516
3667
3494
1821
-1
2236
3102
-1
3236
2248
-1
1440
2644
1245
3055
3978
3403
3686
3498
3321
3604
2823
3499
3431
2382
2080
3659
2227
3651
-1
3076
1010
3981
3019
2450
3975
1789
3429
-1
994
3631
2150
1424
3714
3134
1836
3751
3457
3925
1316
1336
2097
789
3905
3656
2161
2280
2899
2711
2712
3215
1417
3713
-1
-1
3456
2468
3288
