4257
5536
-1
4455
4164
3615
5691
4906
2165
3001
4662
-1
3858
4686
2874
5560
1100
5365
2565
5277
5353
5479
3675
4772
3627
4691
5626
3352
4722
3992
-1
2074
4709
4890
-1
3475
5493
-1
5721
5145
4843
-1
1878
-1
4720
3930
1294
4707
4188
5228
-1
4223
3479
2560
4487
3934
5979
-1
5779
4528
5173
3679
5637
4990
4317
5320
4663
3111
2146
4381
4925
-1
3768
5586
4378
5359
5594
5928
5642
4600
3561
5324
5193
2252
5109
4071
-1
-1
2857
833
5209
5943
4334
2512
1992
5958
-1
5569
2512
4753
5231
5070
-1
4940
5984
5585
5553
5032
4623
5851
-1
4987
5968
1586
3504
3325
4145
5812
4471
5876
5964
5555
5998
4591
5820
4314
-1
5777
-1
4705
5849
1489
4274
3769
3999
3740
4781
3485
5524
-1
-1
-1
5006
-1
5286
4871
5880
5409
4066
4183
5890
5944
3749
4245
3497
3111
3022
2417
-1
2111
-1
4004
2879
-1
5933
5746
5785
5898
5559
4606
5844
4381
4998
1870
-1
3671
3735
-1
-1
-1
4508
2854
5767
5531
5300
5827
-1
2183
5538
5563
5671
5731
3411
3348
-1
4096
2120
5750
4004
4313
4720
3091
2379
-1
5623
4098
5139
2211
2618
-1
1563
5757
4180
5404
1678
5405
3876
-1
3178
4334
4141
2038
-1
4256
5269
-1
4552
4052
2955
2364
-1
3955
5869
1451
3154
5812
4401
5580
4397
5286
5276
4882
-1
5329
4214
4139
5883
4428
5921
5735
-1
5979
4628
5460
-1
-1
5256
5234
-1
-1
5246
4773
2027
4460
-1
-1
3686
2466
4440
3093
-1
5738
5857
3123
-1
4730
4010
4296
1118
5833
2515
3564
2258
-1
-1
2817
4893
1962
3865
4741
5232
-1
2778
2838
3783
2593
-1
4918
5390
5872
5391
5244
4653
5354
-1
4395
-1
5920
-1
-1
5460
2964
4670
-1
5401
5030
-1
-1
5212
5727
3246
5379
5967
5673
3655
1381
-1
3097
-1
2562
5174
4940
4363
3495
4786
-1
5054
2095
4800
4767
3078
4300
3771
-1
4436
-1
-1
2889
2572
5072
4688
5785
-1
3896
5158
5009
2326
-1
-1
1977
5306
3585
3938
4944
-1
4669
4306
-1
3086
4081
5638
-1
5411
3432
4945
5583
-1
5589
3088
1342
2879
-1
4492
3543
3600
3741
5983
4381
-1
4728
4278
5006
-1
1913
3133
5297
5820
2577
5165
-1
3215
3696
4593
4246
3876
4366
3233
-1
5871
4421
4776
5931
3796
4232
4124
4042
-1
5822
1328
5765
4001
4357
2299
1514
-1
5292
5334
5784
4316
-1
2952
3775
4482
2405
5890
4720
5410
4899
3992
-1
5486
850
-1
2638
5916
2981
4659
3864
-1
4308
-1
5839
4837
-1
5250
3266
4836
5865
3734
4732
5134
-1
3003
5510
3609
-1
3766
-1
5896
5647
5932
3818
4875
5135
4015
-1
5442
5855
4004
4179
5990
-1
4988
5065
5041
1227
-1
5876
-1
3225
5591
5654
5662
1506
-1
2079
5007
5487
-1
3061
-1
-1
-1
5712
2817
-1
5718
2707
4715
2815
3005
689
-1
2794
4370
5201
5959
4157
3719
4671
5561
3395
5765
-1
4602
3950
5801
5511
3140
4080
3672
353
5197
1501
5543
4639
4499
-1
5751
5535
1122
3390
5574
5067
-1
5035
3548
-1
5034
3597
5494
4062
1594
4549
4992
2645
3285
3160
4337
3084
4977
4576
3984
455
3759
5135
4911
2623
5198
2789
5019
-1
2620
3593
4642
4453
5578
5065
4311
5721
5265
4863
5442
2171
4402
5132
5780
-1
3623
3749
4671
4433
3364
-1
-1
4574
3811
-1
4512
5145
-1
3859
1489
4997
3982
3929
5413
5000
5995
4225
-1
5737
4332
5958
5771
5967
4947
-1
5706
2962
5331
5509
5314
3947
5999
2200
3165
5898
3793
5492
3260
5870
5076
5769
3974
5177
2937
5057
2382
3780
4622
4149
4118
5128
-1
3235
1840
4334
5816
5403
5143
5950
5810
5745
4549
5251
3547
5673
4523
5174
3702
-1
5340
5242
5282
-1
1608
5088
5934
-1
4577
-1
3903
1395
4507
4982
234
3839
3008
-1
5168
2012
-1
2087
5628
5058
5390
5733
5612
5621
4112
655
4978
3133
5356
-1
3805
5933
1877
2541
5034
3009
1858
5724
5867
1698
-1
5088
4781
4330
-1
3588
1728
5107
-1
5324
4710
-1
3384
3822
-1
3768
-1
4748
5898
2437
4630
-1
741
1628
4846
3696
5522
-1
3543
5790
5770
5129
-1
4268
-1
4880
4949
3756
2323
5427
5132
1596
3686
-1
4392
-1
1743
3559
4182
4428
4825
2613
-1
5466
4415
2161
3962
4832
5790
-1
-1
5396
-1
-1
-1
3584
3233
3579
2851
3369
2161
3394
4945
3798
3448
5817
4736
-1
5492
3342
-1
2968
3675
-1
5539
5567
4752
3843
5251
5203
4700
5225
-1
2985
-1
5147
2982
5221
1284
-1
5536
4144
5343
5167
4904
4833
5436
5547
1866
5993
4109
-1
5686
4044
2209
-1
4119
5732
-1
5395
4805
3623
4089
5300
4655
5919
-1
5192
5206
4947
-1
2903
4605
5017
3970
5048
1563
4682
4324
4200
-1
3165
3814
1461
3592
-1
5402
5279
3242
5188
-1
5077
-1
5869
2018
3500
4675
5779
5193
4139
5643
5150
-1
4956
3285
2506
3150
-1
3977
1050
3395
5742
-1
5717
3080
5137
-1
5980
4759
5619
1066
1019
3258
4127
5756
-1
4229
3370
-1
5412
5660
2023
-1
2027
-1
2229
4576
4987
4163
1654
5414
-1
-1
5258
2738
5190
-1
4576
2815
5399
5451
5353
2607
4715
5392
5941
3994
-1
4387
4340
3745
4881
5223
5589
5689
4499
4945
5528
5159
4906
-1
-1
5626
4273
3896
5654
5849
3425
2862
-1
4292
3955
5362
5496
5924
2815
3722
5601
1918
5602
5889
5743
4915
4068
5512
5076
5979
3529
-1
2264
3479
1643
3005
3472
4628
4742
-1
5787
5866
1620
4410
4948
4190
2881
4880
4891
5897
1675
-1
5898
-1
-1
4493
5837
5247
1690
2754
5356
2542
-1
-1
4563
4877
-1
4581
5993
2556
5212
-1
5713
5721
5142
5906
-1
3861
3922
-1
3789
5076
5069
4536
3786
4334
3318
4589
-1
5007
4929
5149
-1
3803
5003
5052
-1
5576
3245
3404
5045
5945
4603
4340
-1
1395
3707
5854
4579
4000
-1
3661
5785
5541
5199
4261
5209
5871
-1
5615
4604
2427
3243
-1
3957
5427
-1
-1
5123
2738
4346
1895
5800
4497
-1
993
1560
-1
5594
4290
5160
5007
-1
2963
2164
5981
5698
5771
5815
-1
5301
4921
4311
3830
3847
3008
4378
2278
5740
-1
5020
5895
5174
539
5504
5669
-1
4585
3613
2123
4616
5187
4855
3791
4712
5662
4648
-1
2117
-1
1402
5212
4730
525
5495
4028
-1
3585
-1
3550
1947
5888
-1
2098
4800
4759
5129
-1
4880
5627
5552
5856
2929
4388
1653
4894
-1
4133
4991
4761
5450
3914
-1
5422
5652
2852
3373
4590
5076
1800
2035
4654
-1
5624
-1
4159
5357
5926
5898
1773
5007
3508
3504
-1
-1
4932
4517
2320
5896
-1
4834
-1
3858
523
5965
5876
1687
5742
4494
5924
926
2135
5041
4570
1601
1019
5720
-1
-1
5158
3260
5435
2218
3906
4636
-1
5685
-1
3728
2341
-1
4465
3423
4219
5937
1737
5440
-1
5313
5273
4332
4684
3511
5852
5798
5149
-1
5539
4113
-1
1747
4439
5696
2833
5727
4422
3001
3905
3074
4239
5377
-1
5249
4862
3806
3138
5326
4215
4003
4253
5492
2070
3973
5773
4690
-1
3274
1261
2087
3530
-1
5170
-1
4225
3691
4692
4609
4081
5749
5193
4998
4164
3992
3688
-1
-1
5201
723
3980
5623
3587
4154
4492
5697
-1
5860
3515
3201
2237
837
4791
588
4788
5657
1696
5648
4743
3693
-1
5314
1825
3776
5917
5772
922
4055
4503
-1
-1
4026
4626
4213
1606
-1
5286
4191
5898
-1
4600
5660
1745
5161
4782
5181
-1
-1
4399
4780
-1
4856
3252
5436
4562
5083
-1
5021
3595
4986
3820
3990
2976
5618
1440
3687
3998
3148
4462
5442
-1
-1
2899
-1
4945
4329
4352
3694
-1
4762
5907
2719
5077
2635
4696
5248
4534
5079
5163
5840
4221
-1
3902
2571
-1
-1
-1
3965
-1
5244
3298
4762
3234
4871
3086
3903
5316
2445
5643
5685
1304
4917
5568
-1
2890
2771
-1
4828
3332
5261
4587
5912
3161
3596
3449
-1
5766
3797
4349
3612
4270
5717
3253
-1
1867
5114
1569
4348
5649
4359
4093
2919
5794
5775
3067
3034
5442
2169
4335
2948
3412
-1
-1
-1
-1
4723
3611
-1
5975
1776
1025
4847
2263
5792
1872
4508
2208
3158
4780
5798
4092
4461
-1
5265
5734
2133
5826
5117
-1
3574
5141
4221
5117
-1
4288
5368
5943
5936
2648
2764
-1
3637
3327
-1
4613
4646
2152
4903
5093
-1
5705
5394
5155
3118
4196
5057
4837
681
4564
4394
3717
-1
2821
3686
3597
5005
5909
5974
3899
567
-1
5571
-1
-1
5117
-1
5857
2333
4317
3596
4115
5075
1781
5762
5882
5297
3252
3716
4685
5221
-1
2552
5218
2997
5950
5402
5763
1771
-1
1369
3822
2900
4905
4641
5422
5006
2623
3694
3007
-1
5191
3574
-1
-1
2469
-1
5649
5281
5079
3316
4450
5766
4602
5621
4775
4615
5282
-1
-1
5676
5754
4568
2753
3514
1983
-1
5506
5764
3260
5755
4161
4245
1141
5160
5345
5372
1899
-1
5569
3968
2311
4852
1292
-1
5589
4503
4359
-1
5636
1368
2927
4759
5108
5448
1373
5882
-1
4379
-1
3774
1189
5396
5401
5986
5028
5654
5738
4821
1901
754
4691
5535
5886
-1
4709
-1
5334
3785
5830
4845
5037
4784
2331
5806
-1
5521
4352
-1
5306
2732
3965
4904
4509
5059
5286
2352
3140
5737
1418
3026
5362
4496
5277
4460
3390
3673
5613
4540
4104
4667
5344
4406
5655
5448
4220
3932
2912
5244
5224
5651
5727
4535
-1
3995
-1
3593
5593
2762
4680
4883
4102
3182
5970
1235
5486
-1
-1
2068
-1
5352
-1
3492
-1
2061
4846
5904
4170
4220
3424
5446
5746
3073
-1
5331
5928
2296
5276
2922
3186
5984
-1
2131
5810
5927
-1
-1
5861
5019
4344
3042
4240
3105
3823
4894
1793
5003
5169
5697
4650
641
4482
2699
4684
-1
4241
3415
-1
-1
5316
3747
5962
5170
-1
4206
4064
5539
1846
-1
5292
5868
5895
-1
4788
4671
5916
5654
4672
2966
-1
4559
1962
1720
3683
3017
2424
1927
5675
-1
5523
3360
-1
4075
4562
4283
5654
4994
5724
5309
2732
-1
-1
4539
-1
-1
2443
3900
3570
5436
4896
-1
3030
-1
4725
4653
4125
4009
5054
4287
2918
2478
4811
4535
4860
4865
328
-1
4060
4989
4838
4003
4688
4133
5173
4619
-1
-1
4559
2635
-1
4846
2454
3137
-1
3794
5460
5527
4442
4377
1420
2410
-1
5064
-1
5905
5111
677
-1
4987
4614
-1
5613
5504
-1
-1
5195
4617
-1
-1
2831
4008
5345
5414
3836
4664
4955
2246
1047
4929
2405
1973
5859
4653
-1
4192
3989
-1
3686
2900
5026
3852
3118
4379
-1
4452
-1
5126
5466
-1
-1
-1
2559
5549
4855
-1
5429
3299
5610
4301
3492
5379
3201
2522
4302
2642
3816
4246
4051
4948
4868
5625
5659
-1
2814
5234
5108
-1
4223
5246
5866
2179
5305
1382
5076
4440
5583
5187
5389
3911
5784
-1
4122
4998
-1
5729
5444
3762
5152
5142
5277
5171
2050
3949
-1
5915
1656
5676
4905
-1
5973
4925
5214
-1
2595
-1
3951
1424
3781
4256
888
3052
5686
5114
-1
5692
4526
5999
4288
-1
5719
5081
4121
2600
5533
-1
5779
5898
3653
5754
1660
2835
4830
4894
4563
3221
-1
4420
2602
5417
5059
1688
3690
4912
-1
-1
4575
3392
5436
4890
5093
5586
3810
4799
4190
-1
4673
-1
5053
5972
2106
5413
-1
5231
4415
5717
5802
870
5181
2851
-1
3532
4567
3819
5961
5763
2154
-1
5639
5446
1794
5304
2227
5587
3399
5533
3936
4705
2117
-1
4991
4017
2437
5820
-1
5368
-1
1136
3861
3115
4881
5001
1418
5366
4441
2496
2952
4280
3585
3854
4680
5727
5679
3482
5187
5764
5799
4318
4765
4295
2748
2822
5272
5457
3728
3597
4586
-1
5131
-1
4860
5771
-1
5304
3081
3674
-1
4923
3793
4911
5303
5494
4787
3448
3631
-1
4932
3471
4537
3817
-1
5117
4935
5869
3766
3858
5560
5935
-1
-1
5275
5784
-1
5723
3500
3573
3514
3808
5412
2007
3465
-1
5855
4118
5345
2094
4154
5427
-1
5406
5508
3733
5677
5306
5000
2058
5645
3365
5781
4006
5552
2324
5202
5884
4763
3966
5257
5082
5797
5234
4621
5490
5093
3939
5966
5864
1607
3457
3236
3026
5988
3833
5969
2268
5875
5727
3603
3589
4972
4389
-1
5954
-1
-1
3904
-1
-1
-1
4188
1898
-1
2996
4966
4902
3624
3444
-1
4905
2305
5536
3168
5427
5248
3962
4052
3616
5869
4079
-1
3703
5126
4829
3591
1923
3888
5215
4242
3372
2115
1741
493
5826
4172
2461
4517
5614
4281
4555
-1
3885
4645
4066
4244
5887
3554
3732
2603
5149
-1
-1
-1
4551
3947
4598
2598
5473
5387
4296
4636
3382
-1
-1
3352
3971
1276
2715
5499
3807
4572
-1
-1
5463
5525
2898
5116
5897
4610
5313
5608
2266
4852
5934
4753
1101
-1
4910
5132
3651
4691
4208
2253
5397
-1
4878
2704
5732
5287
3591
5306
5682
5766
3759
4393
4924
5643
-1
3164
4576
2274
5433
4013
5758
-1
5471
4456
4532
-1
4193
5561
4678
893
4136
-1
4786
3345
4053
1787
5527
4073
-1
5179
3408
4847
3844
4667
5319
5812
4448
3928
4836
4211
5147
5351
5932
3476
4903
5667
5879
2514
2789
3689
3648
5784
5509
3926
3387
5179
5124
4691
2411
2958
2937
3241
-1
5439
4522
4225
2646
2179
2201
-1
-1
4691
5980
-1
5395
3654
2270
4248
-1
5356
5407
5853
4158
1408
-1
-1
-1
5133
2708
5850
5249
3225
4794
5095
5637
-1
5648
4311
4309
4434
2654
3180
5950
4978
5520
5797
5106
-1
5943
2591
5259
4910
4748
5574
5549
5503
5777
5452
3721
3235
2320
3279
4751
4118
4271
-1
-1
4312
5981
-1
-1
1944
2158
4712
-1
5347
4173
4717
5145
-1
-1
4882
5290
4570
4615
5815
5202
5053
3965
3060
5079
5819
3503
5011
5782
2191
5333
3309
4651
2204
-1
3842
5822
-1
5848
1429
5337
4608
5664
3155
5973
4404
4590
-1
5774
635
1229
-1
4613
3139
5103
1093
2831
5111
-1
4925
5343
3835
4497
3817
5949
931
2843
5313
5483
5265
-1
5185
-1
4897
4323
4712
5945
-1
4276
5500
5530
5256
-1
5216
1901
-1
2959
3291
3457
4801
2720
5891
-1
5842
2978
5762
5211
3892
1228
274
5407
5106
5225
5737
3595
5734
5313
5858
-1
4808
3051
5623
-1
-1
5699
3200
5270
2703
3765
-1
5612
5194
-1
979
5855
4832
4047
-1
5038
5292
-1
3379
2661
5078
2177
5211
5890
3626
5961
3267
-1
5814
5400
5053
4331
5777
805
4909
5556
4391
773
5171
4507
-1
5534
1823
2792
3774
5809
5989
4788
3902
-1
2594
5071
3028
-1
3797
3737
4817
4715
4540
5524
1799
3044
2022
5987
5131
-1
-1
-1
-1
-1
3756
-1
833
-1
2704
5397
5550
3711
2286
3906
5722
4255
5699
5994
4655
5395
5351
3944
-1
1336
5167
5590
5587
4796
5949
2361
3498
2294
5661
4359
1158
5707
5797
5716
4634
5430
5576
4702
-1
4812
4081
5919
4770
4373
5864
4015
2752
-1
-1
5617
-1
5804
3669
5328
5360
-1
5318
4312
5745
2539
5238
-1
3477
2355
4108
4185
5617
-1
1946
5639
5514
4471
2976
4370
5546
3395
5717
3751
3475
4314
4194
-1
5840
5747
4046
5704
2333
4072
4906
5455
4651
5451
4378
4105
3819
4078
-1
2332
2021
-1
4663
4525
-1
3732
4652
5770
5316
-1
3683
-1
2928
5208
4919
3295
3814
-1
4461
5527
3527
5436
5709
3066
5760
5964
685
3128
5413
5071
1700
5872
5568
1955
4522
5099
5543
-1
4721
4748
5402
-1
-1
4060
4778
4444
-1
1687
2077
5444
3847
5572
5657
1522
4563
-1
4185
4594
4967
-1
-1
2994
-1
-1
5632
4856
-1
5238
1541
-1
-1
5344
5520
4737
1926
5962
-1
4058
4659
4726
979
3892
3588
5225
5785
3575
3103
3624
2186
5401
5959
4560
5619
5175
5381
2291
3749
-1
-1
4731
3870
494
2678
5757
-1
5415
5170
-1
5811
5555
5630
2421
-1
3306
4562
4318
5324
5057
-1
5661
5214
4327
4153
2087
1059
3680
4900
2268
5955
3972
-1
3527
3534
3755
5354
5386
4981
-1
5668
3986
5476
-1
662
-1
2447
3250
5572
1709
5760
5342
3784
5427
-1
-1
3294
5318
4736
2754
5071
-1
2609
5859
5294
2663
4503
2329
-1
4947
-1
4675
-1
-1
2734
5258
3101
4039
4407
-1
5746
3145
4162
4893
1060
5374
5481
4120
5532
4616
1843
2598
5693
4556
4661
5376
1606
4163
-1
3601
5473
2061
-1
3004
-1
5463
-1
3491
-1
-1
2901
4456
3781
3883
1345
2723
2661
2253
4359
2512
-1
-1
5406
3078
2393
-1
2731
5011
-1
5949
4973
3260
1418
3379
4074
4560
3643
4865
-1
2406
4004
4639
4775
5821
1525
3115
4838
4508
4222
5415
4716
3401
-1
5216
-1
3671
-1
5477
-1
5104
2666
-1
4678
1842
5438
4591
2301
3358
5257
5784
4797
5198
-1
4918
5029
5135
3310
5886
-1
3728
-1
-1
533
5716
4634
3274
4482
3927
-1
4635
5807
-1
5677
3866
3307
4810
4807
5808
3436
4146
-1
4290
3638
1900
2649
4129
-1
-1
4134
-1
4904
4898
1603
5947
3490
2155
2884
5769
3368
2905
5606
5529
3749
4849
3592
3970
5269
5211
4583
-1
1179
5538
5988
909
5448
5630
4102
5798
4488
2572
4428
4078
3543
2394
5452
4890
4379
4962
-1
-1
5250
5750
-1
5858
4816
5390
4627
5008
5994
2628
4858
5830
2077
2972
4135
4718
5956
4940
3792
1297
2124
1712
-1
2179
5246
4315
5248
5700
2886
5937
5180
5848
-1
4705
2499
-1
3713
2524
-1
5469
3655
2678
-1
4303
-1
5954
5226
4459
4538
4837
3424
5904
5369
3939
2892
5522
4643
2619
4510
4333
4563
1409
4903
997
-1
-1
2921
3070
5575
3607
-1
-1
5578
2777
3252
4337
4813
4264
5070
3509
4054
5632
5724
-1
4109
-1
-1
4376
5475
5331
1754
3905
5603
5489
-1
3265
4834
-1
3718
5820
5215
5141
5462
5197
5856
2114
1592
3118
-1
4515
5522
3726
5858
3607
-1
4984
5006
-1
3182
2306
4269
4463
4890
-1
5701
2282
5479
5928
5264
3176
4033
2143
5601
4496
1461
4654
4985
4935
4809
5321
3826
4699
2712
5291
5573
4581
5360
-1
1825
2422
4622
4300
4161
4517
4910
3501
5522
1497
3835
5109
5274
5226
3736
5097
4287
4229
5361
3352
4572
5298
4623
4787
3157
3774
3411
-1
5972
5506
-1
4070
5743
3716
3296
5101
5107
3947
4543
3403
5380
4156
3278
-1
-1
3499
4385
3682
-1
4616
-1
5790
3806
5668
4612
5809
5663
4256
-1
5789
3148
4734
-1
5939
5694
3875
2954
-1
1140
5717
1671
1407
4835
2566
-1
4310
-1
2737
5704
3653
5520
-1
3549
5188
5937
3199
4493
4667
3365
5951
3065
-1
5132
-1
4453
5696
4002
5178
5102
3618
5727
5097
5531
-1
5161
5008
4616
-1
1283
4718
205
4800
4000
-1
1945
4534
4010
4756
3626
5243
4824
1295
5299
5784
5582
5186
-1
5158
-1
5269
-1
5483
3448
4982
641
5827
4079
4017
4224
3888
2641
4409
1755
4479
4708
5528
5248
2235
3629
5961
4673
-1
5721
3317
4952
3230
5464
4665
5480
-1
1648
5361
4571
5268
3090
4305
5202
3944
1696
5823
5620
5609
5190
-1
4648
5092
4680
-1
3764
3952
5528
5634
-1
-1
-1
3644
3765
3719
5100
2149
4642
4324
-1
3596
4988
-1
3221
5202
4376
3010
5970
4866
5644
4831
5669
5659
2117
3421
5487
3096
2960
5881
4032
-1
582
1945
3733
4997
5865
3118
4169
3962
4592
4123
2821
2057
4636
-1
2191
2945
4186
-1
5704
3862
3636
5324
4399
5017
438
4707
3994
-1
4725
4857
-1
4578
5536
4796
-1
5641
-1
5952
2203
4414
4474
2115
3141
4950
5957
5005
4448
5890
3247
5145
3022
4775
4947
4465
5156
5345
5163
-1
-1
1747
-1
-1
5706
5516
3885
1900
-1
4939
3911
4289
4876
5144
-1
2025
3537
5340
5243
3610
-1
-1
4680
5941
4889
5536
4241
3789
2470
4282
-1
5239
5860
5347
3207
3670
5906
4300
3523
5560
4314
5196
3685
3243
-1
5025
5698
5175
5105
-1
5792
-1
2922
-1
5053
2671
6000
-1
5903
4797
4429
5357
4065
3351
5332
5075
4291
-1
5997
2061
5747
5604
5624
4522
5157
-1
5951
5685
4848
4975
3254
5705
-1
5557
5306
4153
-1
4727
-1
4490
4420
5284
4802
5027
3988
-1
5544
3294
2937
5583
4741
1837
2787
5114
-1
1322
-1
4995
4303
5449
4155
3341
5078
5272
5562
4337
4322
-1
5794
2637
4041
5764
-1
3031
4286
5083
4128
3359
5653
5776
2599
2643
-1
5037
3669
-1
5206
4504
-1
-1
2861
5421
-1
4781
4238
5066
-1
2879
-1
5084
5397
4446
4101
-1
2299
4301
4885
5840
2780
5197
1561
4667
5755
3041
4074
1947
4487
4129
-1
5949
2962
5551
4043
-1
-1
5747
2778
5958
5958
-1
-1
5251
4768
4628
3935
2805
780
5568
5584
3459
5817
-1
4281
5900
3983
5869
-1
2934
5777
-1
5844
4143
-1
5302
-1
-1
2714
3018
5147
-1
-1
5291
3086
5143
5510
1045
3225
2909
4645
-1
-1
3764
-1
5766
5159
5826
4562
5130
4282
5328
4578
4159
-1
4422
-1
5212
-1
5642
3493
5479
5782
4732
3940
-1
-1
3949
5830
3796
5358
5767
-1
4420
4564
1316
5337
-1
3384
3070
5311
5122
-1
1431
-1
2542
2124
4879
5993
4752
4442
5302
5303
3728
3615
5765
2046
4948
5570
5736
5501
3810
-1
4990
-1
5127
-1
4939
5902
3615
4765
-1
5880
-1
4246
4082
4500
3152
5246
-1
4369
4035
4269
1459
-1
3686
2572
5855
4242
5486
5760
4931
-1
3697
5949
2551
5352
4582
2387
-1
4401
-1
-1
5299
4466
5796
2429
1822
-1
4374
5397
5358
4586
5105
1665
-1
5901
-1
5855
5939
4252
1490
-1
1481
4861
4451
4133
-1
2159
3477
5433
-1
-1
5472
4492
3736
5959
4461
-1
5176
3935
5657
5974
-1
3780
3384
2123
5236
2404
4692
-1
4942
5953
5576
5654
-1
-1
4970
-1
3812
5903
5961
2146
-1
-1
4240
5581
3594
5826
2176
-1
3097
4130
5700
-1
-1
4235
5881
3740
5123
-1
3053
4681
5333
5699
1602
5664
1895
3966
4432
5145
3091
3566
4819
4632
5756
-1
4767
5145
4512
5634
2995
3777
5434
5053
5377
1949
4254
4435
3883
1838
3240
3859
5765
1893
3486
5878
5721
5891
5219
2948
-1
1797
4322
-1
-1
2756
3264
5473
5674
-1
5183
-1
-1
-1
-1
3099
5033
-1
2051
-1
5678
1866
3081
3991
5105
4333
3510
-1
5567
-1
4377
5831
5849
2751
5717
-1
4075
5085
3322
3460
4249
4927
-1
-1
4093
5522
3807
2419
-1
5580
2940
-1
3236
4594
4720
5168
4447
4359
4167
5878
-1
5256
4315
1994
-1
4873
5586
-1
3423
5791
1723
5004
3016
1626
4448
3134
5440
4857
5355
-1
5203
-1
1876
-1
4675
5497
4572
2975
5012
3304
2556
4284
5574
5684
5171
1535
3197
3266
5693
2665
5474
2341
-1
4846
1364
5281
5478
3560
5197
3113
5239
-1
4161
4289
5696
4857
5270
-1
4169
4610
-1
4727
1069
1646
1813
4091
5608
3579
1492
2282
-1
5074
4679
2761
2465
4105
5842
-1
4859
5314
4827
2252
5915
4378
4492
5388
2044
3732
1529
4715
-1
-1
5867
2502
5560
5646
-1
5057
4587
5623
3506
3647
5249
2344
1562
-1
4202
-1
4438
3269
5673
4475
4718
4954
3651
4503
4356
3792
1267
5202
-1
4196
-1
1929
5410
-1
-1
-1
2644
2582
3276
2603
5285
4377
5225
-1
-1
3971
5223
5510
4756
1658
3518
5532
5318
-1
-1
-1
-1
5763
5390
5933
340
5618
2959
4453
-1
5527
5221
3121
639
-1
4781
3863
2884
1990
5307
5413
1964
5112
3381
4933
-1
5654
3752
4451
5405
5180
-1
2062
3867
3886
4413
3415
2518
5895
5961
5547
5486
2789
5204
4435
5809
3831
3345
5184
4789
4549
2247
5591
5936
5939
2050
5401
4927
2339
-1
3311
4007
2006
2001
3789
5970
2038
5956
5879
2122
4491
4613
5950
5312
-1
3053
4304
3499
4326
1718
5887
4893
-1
2725
5794
1789
3817
4894
5687
-1
2835
2152
-1
2405
4036
5408
5548
-1
-1
4656
5787
5395
4142
5209
-1
-1
4229
-1
4238
4913
983
4877
5350
5342
2124
3436
1915
-1
-1
-1
1851
2743
3981
4383
-1
3195
-1
-1
-1
3277
3554
4464
5980
3465
5367
-1
1156
4476
5415
5778
5533
4284
-1
4354
5384
-1
5386
5592
5892
3662
5606
5926
-1
5170
4343
4324
926
4642
3182
-1
4777
5340
5918
3779
5109
-1
5976
4486
-1
5870
5681
4852
4701
5019
4351
3774
4780
4121
4385
5942
4072
5264
2613
4640
1902
3475
3901
-1
3892
5751
4196
-1
5736
3408
3284
5965
4900
3355
1059
4704
3179
5879
4840
2707
3510
3584
5523
4799
4582
5012
5108
4588
-1
4248
5773
3344
4889
3518
4705
4007
2704
-1
-1
1741
3775
3502
4991
4818
4644
2792
5639
4767
3631
5928
-1
5482
3505
2823
5708
5026
2143
5394
1867
3036
-1
2140
4635
4005
4610
499
5061
5861
5298
5250
2470
1632
5947
4767
4365
5252
4321
1405
5335
5542
-1
4458
500
5839
2960
4461
5964
5728
5898
-1
5866
5870
4486
5779
-1
5806
5799
-1
-1
3112
1977
5558
4147
4692
3996
5599
2096
5410
1577
4636
4946
4188
4752
4884
3858
4273
4579
-1
4233
-1
-1
3416
4633
4200
-1
2501
4638
4744
1239
-1
3515
4964
2468
5541
-1
5441
4781
3340
2847
4501
-1
4473
4060
5681
5368
5584
2726
2012
-1
5714
-1
5553
5611
4601
4349
5395
3195
-1
5842
5418
4382
5555
3851
2102
5049
2725
5761
4132
-1
4494
5886
4744
3906
1053
5377
1225
4117
1544
5542
5989
5106
3793
2470
2609
3657
4831
4515
4892
4411
4073
-1
4917
-1
2354
-1
4481
5903
-1
4986
1693
4030
3295
4175
3858
4887
2918
5298
5910
3695
5253
5116
5976
5246
5474
5455
5395
837
1397
2634
3918
2601
4717
5068
3067
5216
3279
3514
2000
5959
4082
-1
4328
4787
3294
3672
2936
5450
3706
4171
1929
3347
1691
5787
3322
-1
3208
5235
5967
5195
5145
3340
-1
4646
3405
4424
5619
-1
3929
5742
3093
4747
2935
5028
4398
3775
5127
3899
-1
2003
5397
-1
-1
5291
3794
5270
1803
3713
4082
-1
5710
2026
3023
5607
-1
5829
3707
5044
4818
3703
5227
2268
4746
-1
3835
5066
4783
4396
-1
3552
-1
-1
5623
-1
2895
3452
4948
4117
4915
3080
2706
-1
5418
-1
-1
2429
-1
-1
5391
4968
5695
1915
5917
-1
4802
2426
4097
3039
3511
-1
996
3971
3919
2971
5704
2019
4311
4283
3164
5918
5563
3428
5498
5958
2335
3735
-1
-1
4082
-1
3106
994
4713
3750
4222
1185
-1
-1
-1
2201
5431
5480
-1
5262
5728
5333
5941
5184
4231
3185
-1
5611
5307
5881
5131
4894
5523
2947
4708
3471
5308
4754
3945
3657
3709
5623
4096
5936
4794
5360
5516
5290
3758
980
1217
4858
3522
2798
2999
3777
4358
2135
5434
5559
3357
4859
5589
-1
4132
5185
5954
4197
2916
5830
4602
4968
4879
5417
2888
5886
5138
5249
5093
4486
-1
3795
3433
-1
5735
5019
677
-1
5833
3030
-1
3926
5758
-1
1874
5890
5340
4179
-1
3922
-1
-1
5211
5177
4546
5468
-1
1799
3653
3762
2542
4825
3924
5316
3836
899
-1
1159
5195
-1
5552
2466
5016
-1
4260
3995
3157
5575
4094
3249
-1
1556
3682
4062
5955
3840
5688
4773
5688
1621
5296
-1
3435
4208
4609
-1
5051
-1
3995
5626
5620
2652
5242
5603
-1
5072
4580
5089
5248
4845
2898
4558
5726
3373
4867
4342
5463
-1
2921
4594
-1
5206
4736
4421
3609
5255
5012
5526
3044
5212
3250
3647
3357
5906
3651
-1
2777
4524
-1
3811
-1
3315
2787
-1
-1
4987
3094
5360
1943
4540
3710
4171
5751
5116
1397
-1
4618
1980
1255
-1
5142
4900
-1
-1
4451
3790
-1
5952
5481
3436
4113
4375
3516
-1
5776
5145
-1
-1
-1
-1
-1
4356
4020
5443
953
1448
2554
5068
4205
3448
5982
3764
1680
1740
5055
555
2163
5976
5908
-1
5952
5862
5956
3243
-1
5978
4401
5303
3912
2298
-1
5936
4947
3278
5794
5676
-1
4470
5597
5584
2045
5519
2639
370
5694
5878
-1
3556
3380
3362
4824
4873
4538
4922
4420
2655
5351
2083
2615
4993
3088
5221
5553
5541
3173
-1
-1
-1
5646
5800
3517
5953
5992
-1
4435
-1
4883
4004
5231
4604
3564
2263
-1
-1
-1
-1
4452
4845
3933
4948
5055
-1
5402
5783
5225
4538
4848
2335
-1
3028
5296
4682
5849
5155
5881
5793
5730
-1
5550
3718
5694
5041
5886
2880
2188
4870
2075
4746
-1
5746
3355
5950
4507
2400
5497
5842
5271
2962
1231
3213
5204
4686
3219
-1
4237
5896
5950
5947
3616
3946
5070
4268
4923
5283
4415
3981
-1
5313
5740
-1
5545
-1
5011
4884
3929
5352
2562
5621
3596
4553
-1
-1
3793
5220
4525
-1
5177
4178
2307
3775
1270
3545
4729
1036
4269
4383
4349
3730
4251
5251
-1
3852
4956
3041
4307
-1
5446
5060
4119
3840
-1
5708
3732
4541
5792
3874
5105
4614
2777
3947
5704
4947
3346
-1
4467
4954
4772
5812
5920
5129
5331
5020
2616
5558
547
3894
5586
2700
4787
2777
4484
2400
5593
5857
3945
5833
2607
3671
5901
5152
3380
5475
5263
5192
-1
3833
5999
2182
4959
867
2595
3773
1648
4744
4828
5780
4902
3429
5084
2517
4195
4881
4977
5759
5042
4203
3494
4381
2128
3777
3768
-1
4634
4198
3582
4220
3085
5955
4295
5839
2376
5464
-1
3793
4537
4026
2010
3049
5274
4319
4525
4523
286
2303
4623
4932
3312
4883
3914
4984
1897
3866
5282
4408
5056
3740
5283
5433
3233
4549
-1
2559
3086
3045
5997
-1
5505
4484
4720
4332
4829
5868
3936
5855
5651
4305
1493
2282
4574
5736
5706
5955
5794
2351
5878
2824
2763
2325
-1
-1
2938
2755
3583
5540
5861
5295
5825
4150
-1
3782
5513
2176
1723
4389
5570
4625
-1
-1
4013
-1
5475
-1
4659
5063
4186
-1
3047
5342
1483
5055
-1
5623
4023
-1
4721
5953
5439
2551
4647
1068
2709
5918
4501
-1
4594
-1
2611
2691
2126
3513
3302
5766
4590
4802
3371
4544
4455
5188
3268
1569
4899
3442
1066
-1
1424
-1
3967
4717
4997
-1
3306
-1
4522
5704
5736
5382
4116
-1
2110
5099
5944
5766
-1
3176
4567
-1
4096
5587
4136
928
4521
2291
3087
3780
2360
2827
2960
4229
5787
4690
5469
5221
1323
4787
5306
4831
-1
3387
4448
5959
-1
1896
-1
5599
5569
5330
1726
1987
5726
1020
5424
5240
4598
4586
4660
5707
5771
-1
917
5701
2790
3590
-1
2301
4903
3871
-1
5460
5388
4250
4700
-1
4712
2305
-1
4179
4278
3923
4743
4119
5440
5858
-1
3057
2244
1923
-1
5913
5476
-1
4838
5797
5883
4804
4576
2912
5807
5957
3285
5529
4648
3964
4634
4219
-1
3411
5119
-1
4318
1559
5561
-1
4452
5138
3425
3952
5160
3924
4407
4054
-1
5303
3130
4250
5177
5709
4756
-1
5479
4803
4620
5392
3561
5565
2035
1641
3622
-1
5610
5636
5936
4896
5626
4895
5720
-1
5427
5193
5697
5656
3179
5463
3387
5496
-1
5219
5147
5373
-1
-1
5625
-1
2393
4860
1504
3865
5508
4665
4206
1568
5530
5774
1686
4923
5881
3543
5053
4390
3783
3394
-1
5593
3824
3231
-1
4707
5929
2050
5685
4897
4192
5481
5133
4524
4632
5123
2892
5055
5185
5356
-1
1644
-1
4078
5850
4782
1928
1699
5313
5833
-1
-1
2885
4977
5359
4631
4514
5542
5934
1365
3351
3735
-1
5066
4132
5489
3843
5887
-1
2998
5646
3165
-1
4917
5627
4314
4924
4221
2161
5400
5552
3756
5464
5788
3274
2022
4596
4474
5172
2897
4453
4070
4900
1890
3334
-1
4635
5795
4197
1530
4204
1811
3616
5506
5641
5269
-1
3487
2429
-1
4777
3490
3577
4849
4659
3107
5797
4221
5974
-1
5538
4138
4993
4696
-1
1844
1333
4176
2817
1854
4133
5150
4346
5714
3891
2360
4998
3355
5551
734
3884
1641
1928
5343
3781
1955
-1
2872
5470
4740
-1
5055
3932
5586
5570
-1
5305
3921
4717
-1
2963
-1
-1
5432
5591
5111
-1
5167
-1
5055
5729
-1
3128
4399
3596
3163
265
-1
2560
-1
4793
-1
3032
5334
2500
-1
4955
2948
3910
3485
-1
2487
-1
4274
1820
1906
2444
4258
3716
5332
3898
4300
4651
-1
5415
3751
5207
4532
2570
5685
5837
5640
5086
4816
4729
-1
2477
5545
5452
5559
5763
-1
4956
5173
5298
5524
305
4871
5546
5874
5244
1866
5256
-1
3084
4923
4608
2131
4709
4751
4699
4234
5792
-1
5287
-1
5328
5715
5267
3422
4927
5585
4343
5101
4712
-1
4839
5924
3898
2901
5976
3797
5747
-1
4850
922
5143
3698
5116
1844
3631
4693
5241
3259
5854
4463
3785
5700
1642
5460
2336
5208
4108
4347
4101
5160
4840
-1
4764
3799
5861
5885
1536
4554
5998
-1
733
2328
4237
5304
1721
3214
5953
5761
5851
-1
2633
-1
5704
5592
1823
4688
4742
-1
5485
4352
5954
5209
4837
5499
3748
4720
3276
4343
4636
3962
5463
5846
2801
2704
3316
-1
3198
4726
3813
5037
1604
5171
4904
3321
4802
2601
2632
4683
4793
4639
5351
2786
3848
4876
5708
5904
1170
4504
2489
2244
1625
-1
1967
5148
4876
3003
2062
4835
4940
3628
5599
3767
5236
5818
4550
5797
3061
5644
-1
2327
4562
4196
5502
4883
2611
1710
5243
5402
4767
472
2548
5810
5991
-1
4985
-1
5502
5856
5260
1211
4837
3615
3610
2817
1937
5740
5203
5461
-1
-1
-1
4918
5266
5953
-1
5513
2884
5407
2675
2806
2675
5152
3129
2928
4960
5423
2329
-1
5913
5677
5392
5869
5453
5303
5690
2338
1783
1944
5281
-1
3659
5968
5018
5962
5971
5058
3485
2828
773
5913
5822
5143
-1
2734
-1
5851
3308
5767
1451
-1
5575
4709
2397
1374
5928
-1
2328
4728
-1
4675
-1
5394
1122
2690
5212
-1
3551
5498
-1
5538
5226
3555
4578
3846
5726
4349
5593
4929
5081
5013
3673
4717
4666
4581
4049
5123
5113
4853
3480
-1
5618
5959
-1
2869
3732
5376
3150
-1
4163
3898
2843
3964
2663
2786
5835
-1
3733
3652
2724
5763
3174
2503
-1
4187
2125
4628
-1
3455
-1
4678
5638
5559
3658
5316
4229
5513
3221
-1
3766
5453
3064
3946
5007
-1
5600
-1
-1
1088
3534
2995
-1
4620
-1
5466
5824
3707
-1
5524
2663
-1
5559
5624
2688
5123
5452
3249
4999
-1
4447
3339
5973
2446
4764
5939
5029
3898
-1
5284
-1
5153
4509
3409
-1
2720
3655
2807
5801
5435
3495
-1
-1
-1
4694
3487
1607
3136
4560
4205
3773
4863
1777
5986
5872
4418
2993
5663
-1
-1
5194
5691
1977
2558
3603
1787
5100
4720
3028
1869
-1
2172
4281
2829
4684
5720
-1
-1
2967
5347
5106
5810
3587
-1
3914
2867
4578
5280
3060
5168
5315
-1
4052
3775
5827
2322
4262
5171
-1
-1
5171
-1
4839
-1
5737
5142
-1
4579
3905
5662
3781
4129
-1
4161
5781
5035
1416
3837
-1
2031
5349
4425
-1
4450
5744
3868
4569
3896
2975
5041
4337
2809
5020
4100
4430
4993
4178
4107
5694
-1
4839
833
2577
-1
4854
600
3816
-1
5403
3153
5330
5530
5088
3839
5462
2050
5361
4349
5008
5723
5805
3909
2878
5438
5867
3360
5264
5203
-1
4311
5296
5120
4486
-1
4445
-1
3281
5597
3830
493
5180
1569
4153
5308
4632
5557
1620
5480
5137
5749
5005
5483
5712
4331
-1
5928
5494
5030
5838
5693
-1
-1
4125
5995
5287
1291
5302
5178
-1
2407
5825
5045
4149
5832
4369
2558
4657
5376
5262
4332
4075
4305
4060
5163
3661
5602
2735
5957
5626
4461
-1
5595
3460
2759
5700
5879
5723
3088
3972
2868
3539
5724
5913
3309
4811
4396
3250
4647
2990
1484
3710
5781
2840
1543
4506
5683
3720
2795
1472
4407
3257
5831
-1
-1
-1
4771
-1
-1
4669
2206
3256
4200
4305
4402
3299
5248
5646
2188
3229
4951
4238
4021
4168
4166
3114
4673
3082
5797
4498
-1
5641
3235
4858
2747
-1
4758
5495
1317
1916
5089
-1
-1
5848
5799
-1
5847
5667
-1
223
5434
5081
5949
2495
2683
4720
-1
5188
5058
4071
4730
5332
3556
5410
-1
4623
3668
4147
5345
5510
1996
4852
3431
3705
2061
3079
5642
4543
4682
4963
5081
3071
4705
-1
4224
1356
5565
5813
2999
3270
5308
4976
4221
2252
5704
5266
5959
2479
5138
2303
5260
-1
5605
5787
5824
-1
4232
-1
-1
3745
4723
1019
2598
3310
-1
5029
-1
4653
3245
4762
-1
4033
-1
3300
2486
3422
4288
4362
-1
5813
3249
-1
4751
3689
1590
4991
3818
2919
4694
5719
-1
5981
-1
5251
4063
5146
-1
1783
928
-1
3545
5805
3584
-1
3723
4577
-1
5425
2727
4535
5027
2424
4653
5638
5953
3101
5125
2090
3824
4955
4599
3752
5503
2330
1924
5540
1327
3378
5891
4474
5377
5555
2721
5403
3092
5284
2541
450
5536
5487
857
4231
3359
5211
2434
4611
1761
4386
5005
5024
5925
-1
3903
4994
4902
4004
4170
4987
4432
4215
5320
2154
1836
2869
5606
5521
5639
4562
5993
-1
5019
1761
5787
3014
5729
5171
4012
1460
4937
3673
-1
5100
3779
5998
5992
4862
5282
3837
-1
5891
4444
4522
3939
4349
2817
5171
5236
3178
-1
2948
5719
4925
4943
5552
39
4380
5324
5771
-1
5748
1289
5185
-1
-1
5217
2138
4749
5342
5076
-1
427
5533
5991
5499
4156
4617
5778
4899
3922
4617
-1
5455
-1
3237
-1
3973
-1
5402
3798
4842
4229
4519
4414
5172
5795
-1
5912
5844
-1
833
-1
2124
-1
5676
3437
4952
4316
-1
2111
-1
2177
5682
3539
3805
5463
4779
2063
-1
5610
5909
2978
2400
4929
-1
1223
1716
-1
4418
4185
2562
-1
5849
5763
-1
5372
5360
5979
4075
5053
4336
1789
5282
5951
5208
3793
3100
4236
5333
1079
5794
5935
2832
5867
3740
2729
5055
3603
2335
4154
-1
5909
-1
2995
3422
2846
4825
4397
5891
5958
5171
4456
4199
5462
5020
5946
3982
4334
4870
-1
-1
2779
4007
3630
4925
5170
4848
5409
-1
5795
4733
5784
3688
5692
5129
4982
4503
5004
3747
-1
5369
1659
5697
1068
2517
2340
4364
5105
-1
5687
5033
3360
2499
4999
4971
5734
2422
4221
3272
4855
5886
3504
4493
4626
5793
-1
-1
2787
4084
332
4995
5885
5543
4513
5785
-1
-1
4579
5157
1396
-1
3481
5957
-1
679
4998
5175
4784
-1
3251
5311
-1
1200
-1
-1
2228
-1
2475
2178
5027
5601
-1
5076
4526
-1
5867
5925
4053
5064
1611
4871
3783
-1
4998
5454
5957
4662
-1
5852
1265
5509
-1
-1
4039
2063
5690
524
5126
5217
749
-1
4223
-1
2990
4169
3172
3829
-1
5308
5587
-1
3612
2179
5462
2512
-1
4238
4958
4370
5153
2435
4069
2364
4027
5427
1121
3431
5654
5143
-1
5471
2549
3786
3885
4857
4816
3596
3703
-1
5054
5519
5894
4832
-1
5950
4092
-1
5216
4899
1162
5835
-1
5164
4642
3033
4714
4155
3636
2004
5546
3387
5427
5749
3233
4858
4878
4803
3933
1429
4214
-1
3518
4734
-1
4129
4482
5714
5859
5852
2228
4045
5501
3077
5112
-1
4667
5729
2728
3520
3805
5494
3740
2220
4616
3774
-1
2090
-1
-1
5307
4879
3472
3470
5902
-1
5715
4308
2155
4507
5209
5447
3208
3572
4363
4443
-1
5100
5064
5160
5079
5536
4786
5226
5747
2961
-1
5317
3502
5049
-1
1777
-1
5299
-1
5356
5309
5012
4722
5630
5503
5654
3423
5923
2379
3392
4512
-1
-1
3111
-1
3788
4942
5882
-1
4351
1243
3626
5953
3933
5678
1039
4508
-1
4184
5212
3584
4423
2860
3627
4164
-1
5933
2390
5830
3512
-1
716
4308
5700
1817
5869
4910
5700
5651
4831
744
5339
3926
5508
3465
4113
-1
5334
2203
5780
3774
575
5632
4006
3825
3980
5640
2357
5790
2910
2365
5875
-1
5826
2303
2448
2975
4692
2247
5033
1617
3032
4627
5865
4569
5821
5107
4156
2593
4994
-1
4747
2815
4899
-1
5850
4944
-1
4403
4327
3843
4431
5711
4258
3707
5097
4388
5694
4998
-1
5051
5127
4319
3300
3474
2142
1868
3520
4838
5098
5258
5150
2978
-1
4604
4436
3847
5057
4397
5308
4206
4184
4557
5188
5894
1265
1795
5786
3193
3909
3695
4755
5014
4995
4889
5333
5629
5599
4455
5904
5212
4903
2510
-1
3980
5644
-1
3987
4205
5042
3077
-1
-1
5856
4592
5860
-1
2301
-1
3810
4959
4971
5967
-1
4951
3952
2711
5359
4942
4054
5342
5114
5199
5738
5018
5522
5701
-1
2073
-1
4498
4120
2589
-1
5737
5163
4518
5586
-1
4553
5970
4424
-1
4556
2852
1826
4228
3639
5929
5003
2715
2333
3831
-1
5503
-1
5599
5600
3465
5074
3298
1533
4386
5604
3697
-1
3326
4172
1324
5538
3919
3578
4507
-1
5987
3837
5400
2974
5725
1563
4002
5602
5493
3165
4336
4653
4488
2787
-1
5459
4294
-1
5575
-1
4438
5440
-1
-1
4379
5999
5966
2617
2020
2410
3728
1201
-1
5309
3774
-1
-1
3140
2547
4320
5079
4496
5915
4514
4977
5958
-1
1210
3341
4825
-1
2955
3645
5082
1915
3429
5369
1954
5401
5922
3937
5586
5736
3593
-1
4098
2350
4139
3157
2623
5836
5836
-1
-1
449
-1
4886
5308
4791
2783
2978
5730
3193
3170
4603
-1
5050
-1
4804
4487
4841
1800
4444
-1
4817
5391
-1
-1
-1
2541
4124
2256
5004
5538
-1
1043
3846
5309
5997
5969
5835
-1
-1
4635
-1
-1
5295
5078
5387
4726
4551
3835
3874
4217
4463
3369
1361
5377
5140
3728
2358
4358
5558
3853
-1
5122
5765
5867
5501
-1
3683
5194
5701
4698
1992
5898
5963
5681
-1
4212
1014
2326
3159
4647
4907
-1
-1
5593
5531
4630
547
-1
-1
5536
-1
5007
2311
3074
-1
5873
4700
5454
-1
5220
5299
5201
4676
4245
5429
-1
5869
5853
2652
4817
3762
4163
5068
5117
3892
1691
3255
4906
-1
3242
-1
5290
5162
4411
-1
5788
5330
4786
4235
-1
5737
2704
5151
3340
5321
5959
3311
1614
5696
-1
4970
5789
5122
4004
-1
4744
4419
2991
3621
4698
926
5556
2808
3524
3596
3111
4423
3681
5613
5255
4191
-1
2352
2582
4517
5268
2125
5066
2593
1668
4241
2634
4389
4399
-1
4662
4779
-1
3888
2963
3195
5707
4269
3136
4199
5195
5483
5397
-1
849
3905
4279
5701
4883
3425
4857
5029
-1
4937
2335
3781
5091
3172
2693
-1
5028
3648
5041
-1
3872
5086
-1
4028
5084
4887
5122
5370
4127
1907
5326
-1
3847
5330
2619
4576
3573
2086
4194
4768
5461
4913
5168
5282
3125
1272
-1
5581
4778
-1
4022
4380
-1
5552
-1
5010
2963
3955
3502
-1
2074
499
4908
5918
4841
4286
5306
390
4538
-1
2223
5033
3295
4707
4724
3675
4265
2524
3640
5269
4392
4632
5433
2738
5202
5732
5283
-1
5358
3731
3131
5875
4590
5934
5429
5483
5910
5924
394
4646
4674
1853
1464
4664
3799
3411
-1
2788
5092
4552
3715
2153
-1
-1
2713
4314
-1
-1
4722
-1
2169
-1
-1
5397
1218
2670
4994
4124
5989
-1
3448
-1
4876
5566
2124
4374
5362
5317
2971
4408
-1
5290
2454
4276
1826
-1
5901
612
3719
4292
5024
-1
5313
4493
2888
-1
4779
5310
1793
3898
5496
3242
4557
4705
5152
4607
5379
5711
-1
4455
-1
2910
-1
2856
-1
4762
5406
-1
5613
-1
1495
5824
3474
-1
5131
4686
5702
5078
5367
4070
5454
5867
4562
3517
4528
5540
4960
4014
2039
-1
5211
1665
1422
4802
2552
4712
-1
1604
4841
5217
5369
5095
5234
-1
5005
4186
5174
-1
3220
5006
4737
4376
5762
5267
3161
2070
5496
3460
5741
3361
5370
5373
4256
4304
-1
4391
4246
4423
691
4305
3864
-1
4859
-1
5971
5321
2542
5922
-1
1641
5613
2554
5002
5498
3917
-1
4402
-1
-1
4814
-1
3792
-1
5492
-1
-1
-1
3889
5450
4215
-1
5581
1699
5620
2780
5341
5451
5401
-1
5851
5203
4845
4218
-1
-1
5896
5062
5390
3043
3996
-1
2117
4471
2970
5015
4874
2483
5009
3508
5899
3842
3346
4746
4903
5612
-1
4230
5610
-1
5583
2050
-1
3882
1723
2536
3638
-1
5848
3793
-1
1589
4567
5974
3318
5469
-1
4601
2040
5472
2589
5585
4463
-1
1349
-1
5187
4331
5649
5757
-1
5255
4223
-1
2207
5835
2613
5133
5993
5236
5078
5250
5825
2746
2797
4484
744
5145
2438
4501
5113
2319
5739
1153
3111
3559
4831
3089
4768
5101
-1
2635
3564
5206
4059
5829
3107
4974
5241
5748
3271
-1
3976
4553
4961
3045
-1
4054
3392
-1
-1
3773
5206
4264
2633
4171
-1
5551
5817
2923
4978
4740
5996
4752
-1
4003
4647
-1
1547
-1
-1
-1
4686
5856
5844
-1
3924
1890
3908
5981
2755
-1
2909
1297
1290
3433
-1
4007
5925
4666
2275
5074
3275
5928
-1
3150
5544
3277
5712
4213
3112
5389
5355
4645
5718
-1
5605
5836
3135
4044
-1
3551
5630
5643
1944
4314
2224
5400
2125
4654
5220
3796
4881
1616
3954
1699
-1
1560
1782
-1
3847
4793
3531
5514
5302
4175
3018
1998
5212
5171
2406
4700
1900
5516
3731
4609
5107
1707
4024
5608
4789
-1
1565
-1
3483
2361
3649
5282
5912
3574
4903
-1
-1
-1
5413
5564
-1
-1
4499
2721
5591
1848
3562
2436
4296
3021
-1
4670
639
2872
4852
-1
-1
5306
1492
5182
4521
2957
5618
4367
2792
3156
5214
5791
5130
3912
5784
-1
2374
878
1223
4444
5451
2584
-1
5940
2401
4306
5820
2664
4282
5722
1163
4082
2210
4490
-1
4394
5802
3879
5535
-1
3810
4631
5050
3618
4194
-1
-1
5895
4497
2657
-1
-1
5795
4058
3415
-1
4119
5775
5118
3596
5087
3365
5981
4870
5584
5601
5969
3988
5166
4171
4212
3249
4866
4096
1768
2562
-1
4494
2217
-1
5020
5873
3629
5061
2418
1972
-1
-1
5879
-1
5541
3936
5655
4830
5482
2053
4471
5135
2466
3815
1658
5890
5940
5259
1673
5858
4214
4468
-1
5640
4116
5978
5120
2920
3482
4056
5673
-1
4225
3683
-1
5111
5970
4563
4896
4423
5231
5257
-1
4588
5443
-1
3554
4737
3971
3318
5324
3241
5512
-1
1586
3890
5987
2210
4610
5516
3363
-1
5087
-1
4428
5233
5922
-1
5438
4073
5498
2893
904
5151
4937
3610
1627
5413
5181
5523
5571
4358
5560
3129
2544
5089
5373
4773
2335
1265
-1
1052
1561
3528
5784
528
4018
1264
4666
4475
5324
5151
2608
3715
1597
5328
5323
3561
5680
4558
3480
-1
-1
5674
-1
3338
4478
4501
5443
4486
5114
4651
2833
2294
-1
5095
2936
2542
4582
2077
5618
-1
-1
-1
5790
5533
-1
4684
-1
-1
5811
5597
5202
5344
-1
5369
2793
-1
2179
5302
-1
3208
-1
-1
1592
5226
5197
2604
1673
-1
3580
5358
-1
5515
3199
1443
5008
5614
5244
2269
4290
5678
2700
-1
3830
4715
4049
2821
-1
2692
5868
-1
2046
894
-1
-1
5614
4846
5529
-1
2805
5617
-1
3893
5087
5639
4899
5129
5260
5711
3892
5217
-1
5949
5405
3981
3797
-1
5104
5594
-1
2471
3294
-1
5321
2030
3180
2099
5256
5891
5527
4751
2442
5722
4583
2236
-1
-1
3233
5764
5623
-1
4639
3847
3494
4982
2888
5247
5696
3087
5889
-1
5503
3001
4129
-1
3629
5524
5983
4755
4156
3708
2944
678
3420
4124
3507
3906
-1
-1
2978
4613
4647
4117
5487
-1
5101
3158
1966
-1
5565
4514
3868
5603
5056
-1
5796
4256
5119
2133
5346
4987
4733
5656
-1
3650
2852
4153
5294
2873
-1
4692
4855
-1
5016
5340
5652
3170
4857
-1
5406
5964
4798
3284
4852
5870
-1
5163
3784
2241
5124
1596
4202
5588
754
4351
4811
-1
4433
5905
3217
-1
4871
5997
5737
3500
5138
3690
3379
5085
-1
3098
4096
5325
2532
-1
4978
3860
-1
-1
-1
-1
4691
4430
-1
-1
2612
5926
-1
5968
4609
4350
-1
4564
3765
5661
473
2848
3946
-1
5542
480
5509
4923
-1
5754
5315
5288
2603
5153
4085
4851
3284
3926
-1
-1
-1
-1
1549
5941
3506
2273
-1
5616
4668
5292
3657
2594
-1
3114
5429
4108
5041
5507
2234
4414
1688
-1
5918
5914
1585
3186
4481
-1
1587
5481
2734
4418
5500
2841
2560
1946
2709
3202
5689
-1
5241
5084
5121
4157
2025
5774
4201
4838
5941
4246
2927
5277
-1
2784
4912
4257
5632
-1
1059
5219
5811
1735
555
-1
4654
3788
4110
5248
2670
2183
2582
4295
4949
5853
2875
-1
-1
3652
4616
5603
2345
3404
4832
5191
-1
2099
-1
987
4988
5599
690
4991
3205
5593
5889
-1
2246
2223
1313
3151
3680
4009
3093
2595
5149
3236
4995
5277
-1
4404
5508
-1
-1
5031
4391
4357
5666
3047
5064
3982
2963
4754
1435
3583
5917
-1
4259
5653
5950
4647
4526
4610
5195
-1
-1
3030
-1
3469
4162
4071
4080
4908
5483
4144
4366
3772
5311
5155
4056
3371
5988
2435
3926
4552
5672
5132
2187
5951
-1
5119
4942
-1
-1
-1
4383
4692
3640
5247
4903
-1
5566
5108
4847
5903
2794
2270
4474
1460
2214
3952
2241
5358
3882
4191
4186
2164
5538
5985
4011
5075
-1
5189
3350
2452
5444
5199
4410
5439
5628
4381
4215
1735
3159
5791
4932
5057
1832
4591
2232
3251
-1
3225
5064
-1
1259
2589
5900
5940
4414
4740
4298
4792
5647
5200
3053
-1
4939
4211
4301
4894
-1
752
5668
-1
1089
2959
5561
4720
4523
4208
5186
5949
-1
2592
5190
1318
-1
4965
5225
4546
4772
5042
5533
-1
5765
5166
3985
4517
4505
5966
3922
1648
-1
5293
5396
5705
4062
5913
-1
1314
4316
4633
5287
5948
4076
5507
5548
1449
3494
5394
5198
5919
1837
2819
3942
2933
5670
3354
5504
1342
3471
4591
5743
5584
3954
2560
2165
5311
5811
3726
5929
5821
5486
4544
4589
5204
3272
3106
834
-1
-1
5866
3183
3499
-1
5438
5468
3529
4784
4700
3884
5639
-1
2443
-1
2077
3914
2789
5711
4470
5212
4677
5994
5673
5989
4159
4736
5264
5095
5765
5419
3769
5470
2178
4839
3919
5852
-1
5891
5990
5456
4973
4496
3779
5626
4575
4539
5549
5814
5671
4550
4963
5207
5701
-1
5565
5219
-1
5521
3070
4624
4403
4753
5111
-1
4696
-1
3146
5120
5925
5637
-1
5982
5932
-1
742
3863
-1
5751
4166
3777
3111
3355
5655
-1
865
4738
4674
-1
4553
4599
4699
5880
5553
2829
5712
-1
-1
-1
3172
4304
-1
4270
4865
3837
4951
4408
-1
5151
4617
4493
3078
4536
-1
5051
5016
5940
4894
5305
4328
2883
5856
-1
4755
5267
3262
4652
4508
4506
5390
5882
4351
-1
1937
-1
2903
5561
5981
4085
5374
-1
4065
2123
-1
3828
5740
-1
1681
5887
5918
5591
4775
4205
2241
5711
1530
1147
5037
5112
4256
-1
2641
5644
-1
5469
5459
5624
2316
-1
4828
5982
5601
2815
3546
5780
5810
4857
2667
3507
5356
3111
5922
4744
2707
2737
-1
3690
5256
5857
3937
-1
3416
5653
3960
-1
-1
1592
-1
3192
3960
2094
5383
-1
2522
5860
-1
5840
5612
4505
2788
-1
4236
5638
5746
4726
4737
5552
3546
5111
1587
3515
-1
4865
5779
5605
3685
5666
4534
2943
5577
4790
-1
4085
-1
4022
2631
2237
-1
6000
3593
3841
4839
3940
1208
4592
5655
2514
5601
2130
4805
2123
5671
3240
4963
4172
4195
1570
5674
512
3344
3408
1529
5781
5124
962
-1
-1
3585
5839
4619
4280
5332
1436
2172
1988
3317
4194
4031
2689
3139
4155
4171
2120
-1
4390
3799
5187
5342
2577
5655
3963
4015
3777
2975
2572
2359
-1
4808
4196
-1
2303
-1
4451
5654
2602
2762
1822
4800
5502
2269
2230
4539
2438
5882
-1
4213
-1
5817
-1
-1
4178
-1
4775
5560
4456
5352
5184
-1
4025
5626
-1
-1
5488
3601
4932
5569
4157
5018
3786
3830
3216
4100
5412
5072
5547
5941
5531
1364
4181
1490
4502
1620
2257
-1
3934
2297
3509
1059
3013
5476
3565
3177
4463
4677
3549
4958
5895
3493
-1
5779
4496
5497
2027
5309
4450
5984
3945
1052
4994
4434
5495
2501
5648
2385
5958
2643
525
-1
1242
-1
-1
3583
4761
3383
4857
4021
2382
5291
5916
5660
5734
3318
4345
5667
5634
3865
3665
5001
5901
4154
4387
4935
5883
3800
5615
5182
5638
5253
3676
533
4544
5491
5612
3295
1425
5765
4010
5663
5146
-1
-1
2396
3909
5429
5946
3004
4628
1136
3748
5630
5054
3652
2707
3820
5251
5294
4563
2049
5996
2065
5717
-1
5675
5898
4291
1689
-1
4074
5731
1866
842
2594
5885
5777
3849
400
-1
4400
5877
5636
2326
-1
-1
3085
5423
5080
3092
3765
5294
5982
2633
3508
-1
4332
4501
5390
-1
-1
5379
4872
5603
3846
4860
-1
5633
3674
3538
1136
5104
4943
5908
3908
5466
3752
4815
5063
5618
5218
5987
4506
5558
5214
4624
5085
3457
4163
5001
5935
4763
5534
4070
3214
2789
5191
5862
3338
3673
-1
4650
5306
-1
5611
4637
2701
-1
2065
5982
3733
4829
5617
4478
4855
3448
5297
5340
4727
3857
2905
2528
2256
3545
4229
5556
3541
2256
2576
5681
5461
5006
2789
5221
4018
3306
5582
-1
4673
2516
4122
3285
4651
3992
1837
4666
4662
-1
4848
3931
4903
-1
-1
5503
5032
1983
3612
1701
5895
5351
5834
3547
-1
4511
4705
4304
-1
4461
4962
3954
3855
2674
2469
5708
4313
3918
4540
5929
4929
5429
4162
4458
5979
-1
1140
4697
5126
5766
1471
5814
4574
4812
5191
2271
5099
2787
4819
4631
5209
760
5693
2590
-1
-1
5712
4991
5943
3799
4964
4946
3154
3902
3758
5895
2781
3661
2952
5873
5987
-1
5894
5515
5799
4991
3766
3891
1022
5636
4568
4515
5595
3960
2647
5627
1782
2344
5945
-1
-1
2619
3392
5219
5597
5378
3106
4943
4954
5176
4584
4507
1254
-1
4855
3694
2914
3923
3460
3174
451
1991
-1
5569
4100
2309
-1
5988
5526
5603
3975
5713
-1
3616
3601
-1
-1
-1
4872
3312
-1
4916
5836
5526
4492
-1
2682
4264
-1
-1
859
5159
5498
4809
2390
1542
-1
5156
4159
4076
3249
5632
1841
5165
4508
-1
2640
5903
4224
3612
1604
-1
3097
5897
-1
4656
1533
-1
5882
5799
4479
3067
5877
4427
2639
384
3962
3388
2077
4869
5651
5812
4432
4800
-1
5172
5811
3929
1887
4085
2865
2907
4017
5014
4914
3639
-1
5704
4274
5952
3854
1185
5210
5768
4328
4129
4040
4246
3914
4858
5219
5752
5139
-1
5528
5614
1177
-1
3073
4347
5522
3785
-1
5348
3050
5510
4647
4972
3683
4705
2261
-1
-1
-1
5378
3012
4862
3853
4580
-1
4576
2336
2365
5866
3781
5361
4687
5168
2577
5836
5327
3405
-1
4732
2642
5155
4306
5082
5944
5978
3126
5139
4871
2502
-1
3576
3312
5310
4248
2328
-1
-1
3813
3056
1853
5536
2258
5233
-1
-1
2627
-1
5202
2633
3576
5590
4810
3381
1157
5065
2562
4441
2250
-1
-1
960
4401
5971
-1
3277
5116
375
-1
4503
5958
4801
2607
3487
3581
5903
2206
4859
5012
1772
3052
-1
4262
5381
5671
-1
5255
3676
4199
5670
4666
2522
2904
5652
3893
1328
5346
1901
4479
5595
-1
4804
5427
4846
5570
2400
5353
-1
5577
3929
5833
5368
5856
4447
4778
-1
3408
4385
2889
3805
5917
5306
5002
979
3400
4547
-1
376
3028
4555
5728
-1
-1
-1
2087
4451
5705
4124
3942
3201
5999
1582
4907
4836
5671
5686
4698
4216
5129
2902
3482
4907
2399
5166
2597
4221
5388
1403
1860
2885
3555
-1
5635
2598
4739
2860
5773
5391
2131
3269
3198
2993
3315
4964
324
4639
4377
1201
1426
-1
1946
4756
4840
2589
5888
5650
5015
5413
5780
2333
4079
4119
5427
5828
5519
5093
4450
3123
5588
5260
2786
5545
1611
5171
4440
5819
5675
4990
3674
727
-1
4991
3921
5597
5526
1415
-1
-1
3634
5385
4319
-1
2742
5487
4605
3480
3024
5003
2390
5054
-1
5673
4026
2629
3875
5822
4638
5958
5692
5989
2206
3358
-1
5615
4672
-1
-1
5788
4143
2436
-1
3937
5375
4250
2335
-1
4965
2815
1098
5782
5627
754
-1
-1
5980
3760
4239
4677
1162
4368
3380
4300
2378
3921
5553
3305
5093
2412
5357
2027
2899
3560
4653
5875
-1
1788
1832
5438
2349
-1
4193
4348
5208
1956
3231
2385
3198
337
2662
5769
4047
4978
4977
5472
1412
4125
5237
5689
-1
-1
3560
-1
5626
-1
5400
5303
1871
5384
3384
-1
5442
5155
4501
5392
5992
3846
2103
1232
-1
-1
5365
-1
-1
5727
4862
3578
4718
4084
4690
551
4037
-1
4746
4837
-1
4061
4228
4732
5196
5281
5839
4557
-1
5592
5095
4662
2569
3964
5053
3761
5342
4077
-1
5572
-1
-1
4274
3762
4448
5096
5694
4333
5126
3011
5729
2582
1010
4358
5183
3545
2939
4638
5278
-1
5542
5288
3474
2252
4195
-1
5720
-1
5618
5460
4545
4357
4505
5088
-1
3640
5897
4035
2752
-1
5724
-1
5505
4486
2563
5951
2656
-1
5402
3424
5800
5863
5770
4391
5765
-1
-1
5021
5779
3409
4532
2400
3694
3794
5890
4331
-1
2365
4506
-1
3261
5258
-1
-1
2898
1324
3379
3726
-1
2712
-1
5924
3940
3589
-1
4357
5233
-1
5947
3806
5052
5921
-1
5029
5443
5737
5269
3212
5806
2650
-1
4522
5487
4025
3642
2239
4015
3113
4364
1669
3932
4212
4843
1019
-1
5115
3758
4711
4434
4456
3776
5485
3994
3937
2723
3316
5553
5519
3775
-1
5632
4075
2544
-1
4849
4723
1595
2797
3834
-1
-1
4518
2582
3158
5439
5584
-1
3747
2942
3727
3848
1982
4787
2159
5414
4392
3616
3799
4564
-1
1988
5408
1673
5003
5586
4498
5929
5899
5965
2979
4839
5939
5096
3611
5364
3964
4576
5591
2846
5927
5636
5077
4712
4882
3989
5377
5409
5898
1946
5194
5214
1940
3465
4368
-1
-1
4707
5505
4887
5968
-1
4848
3824
3788
3888
-1
5883
-1
3991
4720
3930
4886
2787
5612
5957
5213
3854
5945
4280
3031
4374
-1
